\BOOKMARK [1][-]{section.1}{\376\377\173\054\116\000\172\340\000\040\123\112\133\374\117\123\162\151\164\006\127\372\170\100}{}% 1
\BOOKMARK [2][-]{subsection.1.1}{\376\377\200\375\136\046\166\204\116\247\165\037}{section.1}% 2
\BOOKMARK [3][-]{subsubsection.1.1.1}{\376\377\121\101\136\046\116\016\171\201\136\046}{subsection.1.1}% 3
\BOOKMARK [3][-]{subsubsection.1.1.2}{\376\377\200\375\136\046\137\161\124\315\126\340\175\040}{subsection.1.1}% 4
\BOOKMARK [2][-]{subsection.1.2}{\376\377\217\175\155\101\133\120\176\337\213\241\122\006\136\003}{section.1}% 5
\BOOKMARK [3][-]{subsubsection.1.2.1}{\376\377\215\071\174\163\122\006\136\003\116\016\217\175\155\101\133\120\155\123\136\246}{subsection.1.2}% 6
\BOOKMARK [3][-]{subsubsection.1.2.2}{\376\377\143\272\147\102\133\371\217\175\155\101\133\120\155\123\136\246\166\204\137\161\124\315}{subsection.1.2}% 7
\BOOKMARK [3][-]{subsubsection.1.2.3}{\376\377\156\051\136\246\133\371\217\175\155\101\133\120\155\123\136\246\166\204\137\161\124\315}{subsection.1.2}% 8
\BOOKMARK [3][-]{subsubsection.1.2.4}{\376\377\215\071\174\163\200\375\176\247\117\115\177\156\166\204\162\151\164\006\141\017\116\111}{subsection.1.2}% 9
\BOOKMARK [2][-]{subsection.1.3}{\376\377\123\112\133\374\117\123\166\204\217\175\155\101\133\120\217\223\217\320}{section.1}% 10
\BOOKMARK [3][-]{subsubsection.1.3.1}{\376\377\140\073\165\065\155\101\133\306\136\246}{subsection.1.3}% 11
\BOOKMARK [2][-]{subsection.1.4}{\376\377\227\136\136\163\210\141\217\175\155\101\133\120\166\204\116\247\165\037\116\016\131\015\124\010}{section.1}% 12
\BOOKMARK [3][-]{subsubsection.1.4.1}{\376\377\217\307\122\151\217\175\155\101\133\120}{subsection.1.4}% 13
\BOOKMARK [3][-]{subsubsection.1.4.2}{\376\377\131\015\124\010\116\016\116\247\165\037}{subsection.1.4}% 14
\BOOKMARK [3][-]{subsubsection.1.4.3}{\376\377\217\175\155\101\133\120\133\377\124\175\116\016\142\151\145\143\225\177\136\246}{subsection.1.4}% 15
\BOOKMARK [3][-]{subsubsection.1.4.4}{\376\377\121\306\215\071\174\163\200\375\176\247}{subsection.1.4}% 16
\BOOKMARK [1][-]{section.2}{\376\377\173\054\116\214\172\340\000\040\000P\000N\176\323}{}% 17
\BOOKMARK [2][-]{subsection.2.1}{\376\377\000P\000N\000\040\176\323\166\204\137\142\142\020\217\307\172\013}{section.2}% 18
\BOOKMARK [3][-]{subsubsection.2.1.1}{\376\377\122\066\131\007\145\271\154\325}{subsection.2.1}% 19
\BOOKMARK [3][-]{subsubsection.2.1.2}{\376\377\000P\000N\000\040\176\323\136\163\210\141\217\307\172\013}{subsection.2.1}% 20
\BOOKMARK [2][-]{subsection.2.2}{\376\377\136\163\210\141\000\040\000P\000N\000\040\176\323}{section.2}% 21
\BOOKMARK [2][-]{subsection.2.3}{\376\377\000P\000N\000\040\176\323\166\204\166\364\155\101\162\171\140\047}{section.2}% 22
\BOOKMARK [3][-]{subsubsection.2.3.1}{\376\377\000P\000N\000\040\176\323\153\143\120\117}{subsection.2.3}% 23
\BOOKMARK [3][-]{subsubsection.2.3.2}{\376\377\000P\000N\000\040\176\323\123\315\120\117}{subsection.2.3}% 24
\BOOKMARK [2][-]{subsection.2.4}{\376\377\000P\000N\000\040\176\323\165\065\133\271}{section.2}% 25
\BOOKMARK [3][-]{subsubsection.2.4.1}{\376\377\122\277\127\222\165\065\133\271}{subsection.2.4}% 26
\BOOKMARK [3][-]{subsubsection.2.4.2}{\376\377\142\151\145\143\165\065\133\271}{subsection.2.4}% 27
\BOOKMARK [2][-]{subsection.2.5}{\376\377\000P\000N\000\040\176\323\121\373\172\177}{section.2}% 28
\BOOKMARK [2][-]{subsection.2.6}{\376\377\122\250\140\001\137\000\121\163\162\171\140\047}{section.2}% 29
\BOOKMARK [3][-]{subsubsection.2.6.1}{\376\377\143\320\232\330\137\000\121\163\220\037\136\246\166\204\143\252\145\275}{subsection.2.6}% 30
\BOOKMARK [1][-]{section.3}{\376\377\173\054\116\011\172\340\000\040\000M\000O\000S\000F\000E\000T\000\040\122\035\153\145}{}% 31
\BOOKMARK [2][-]{subsection.3.1}{\376\377\000M\000O\000S\000\040\165\065\133\271}{section.3}% 32
\BOOKMARK [2][-]{subsection.3.2}{\376\377\136\163\136\046\165\065\123\213\060\001\226\010\120\074\165\065\123\213}{section.3}% 33
\BOOKMARK [2][-]{subsection.3.3}{\376\377\000M\000O\000S\000\040\165\065\133\271\166\204\000\040\000C\000-\000V\000\040\162\171\140\047}{section.3}% 34
\BOOKMARK [2][-]{subsection.3.4}{\376\377\000M\000O\000S\000F\000E\000T\000\040\166\204\135\345\117\134\123\237\164\006}{section.3}% 35
\BOOKMARK [3][-]{subsubsection.3.4.1}{\376\377\142\052\153\142\230\221\163\207}{subsection.3.4}% 36
\BOOKMARK [1][-]{section.4}{\376\377\173\054\126\333\172\340\000\040\000M\000O\000S\000F\000E\000T\000\040\155\361\121\145}{}% 37
\BOOKMARK [2][-]{subsection.4.1}{\376\377\227\136\164\006\140\363\145\110\136\224}{section.4}% 38
\BOOKMARK [2][-]{subsection.4.2}{\376\377\226\104\122\240\165\065\133\146\162\171\140\047}{section.4}% 39
\BOOKMARK [2][-]{subsection.4.3}{\376\377\217\220\134\004\116\016\160\355\165\065\133\120\145\110\136\224}{section.4}% 40
\BOOKMARK [1][-]{section.5}{\376\377\173\054\116\224\172\340\000\040\123\314\147\201\127\213\146\166\117\123\173\241}{}% 41
\BOOKMARK [2][-]{subsection.5.1}{\376\377\135\345\117\134\123\237\164\006}{section.5}% 42
\BOOKMARK [3][-]{subsubsection.5.1.1}{\376\377\127\372\147\054\151\202\137\365}{subsection.5.1}% 43
\BOOKMARK [3][-]{subsubsection.5.1.2}{\376\377\135\345\117\134\152\041\137\017}{subsection.5.1}% 44
\BOOKMARK [3][-]{subsubsection.5.1.3}{\376\377\165\065\155\101\122\006\147\220\377\010\153\143\124\021\147\011\156\220\123\072\377\011}{subsection.5.1}% 45
\BOOKMARK [3][-]{subsubsection.5.1.4}{\376\377\165\065\155\101\122\006\147\220\377\010\123\315\124\021\147\011\156\220\123\072\377\011}{subsection.5.1}% 46
\BOOKMARK [2][-]{subsection.5.2}{\376\377\134\021\133\120\122\006\136\003}{section.5}% 47
\BOOKMARK [2][-]{subsection.5.3}{\376\377\117\116\230\221\121\161\127\372\147\201\165\065\155\101\130\236\166\312}{section.5}% 48
\BOOKMARK [3][-]{subsubsection.5.3.1}{\376\377\165\065\155\101\142\020\122\006\122\022\122\006}{subsection.5.3}% 49
\BOOKMARK [3][-]{subsubsection.5.3.2}{\376\377\166\364\155\101\121\161\127\372\147\201\165\065\155\101\130\236\166\312}{subsection.5.3}% 50
\BOOKMARK [2][-]{subsection.5.4}{\376\377\227\136\164\006\140\363\145\110\136\224}{section.5}% 51
\BOOKMARK [3][-]{subsubsection.5.4.1}{\376\377\123\204\122\051\145\110\136\224\000\050\127\372\123\072\133\275\136\246\214\003\122\066\145\110\136\224\000\051}{subsection.5.4}% 52
\BOOKMARK [3][-]{subsubsection.5.4.2}{\376\377\131\047\154\350\121\145\145\110\136\224}{subsection.5.4}% 53
\BOOKMARK [3][-]{subsubsection.5.4.3}{\376\377\123\321\134\004\123\072\171\201\136\046\123\330\172\204}{subsection.5.4}% 54
\BOOKMARK [3][-]{subsubsection.5.4.4}{\376\377\165\065\155\101\226\306\217\271\145\110\136\224}{subsection.5.4}% 55
\BOOKMARK [3][-]{subsubsection.5.4.5}{\376\377\121\373\172\177}{subsection.5.4}% 56
\BOOKMARK [2][-]{subsection.5.5}{\376\377\173\111\145\110\165\065\215\357\152\041\127\213}{section.5}% 57
\BOOKMARK [3][-]{subsubsection.5.5.1}{\376\377\127\303\117\057\145\257\000-\144\151\134\024\152\041\127\213}{subsection.5.5}% 58
\BOOKMARK [3][-]{subsubsection.5.5.2}{\376\377\155\367\124\010\152\041\127\213}{subsection.5.5}% 59
\BOOKMARK [2][-]{subsection.5.6}{\376\377\230\221\163\207\116\012\226\120}{section.5}% 60
\BOOKMARK [3][-]{subsubsection.5.6.1}{\376\377\142\052\153\142\230\221\163\207}{subsection.5.6}% 61
\BOOKMARK [2][-]{subsection.5.7}{\376\377\131\047\117\341\123\367\137\000\121\163}{section.5}% 62
\BOOKMARK [1][-]{section.6}{\376\377\173\054\121\155\172\340\000\040\221\321\123\112\143\245\211\346}{}% 63
\BOOKMARK [2][-]{subsection.6.1}{\376\377\200\226\162\171\127\372\143\245\211\346}{section.6}% 64
\BOOKMARK [3][-]{subsubsection.6.1.1}{\376\377\227\136\164\006\140\363\126\340\175\040}{subsection.6.1}% 65
\BOOKMARK [3][-]{subsubsection.6.1.2}{\376\377\165\065\155\101\000-\165\065\123\213\121\163\174\373}{subsection.6.1}% 66
\BOOKMARK [3][-]{subsubsection.6.1.3}{\376\377\200\226\162\171\127\372\116\214\147\201\173\241\116\016\000\040\000P\000N\000\040\176\323\133\371\153\324}{subsection.6.1}% 67
\BOOKMARK [2][-]{subsection.6.2}{\376\377\153\047\131\306\143\245\211\346}{section.6}% 68
\BOOKMARK [2][-]{subsection.6.3}{\376\377\137\002\215\050\176\323\127\372\147\054\167\345\213\306}{section.6}% 69
\BOOKMARK [1][-]{section.7}{\376\377\173\054\121\155\172\340\000\040\176\323\127\213\127\072\145\110\136\224\146\166\117\123\173\241}{}% 70
\BOOKMARK [2][-]{subsection.7.1}{\376\377\127\372\147\054\151\202\137\365}{section.7}% 71
\BOOKMARK [2][-]{subsection.7.2}{\376\377\227\136\164\006\140\363\126\340\175\040}{section.7}% 72
\BOOKMARK [3][-]{subsubsection.7.2.1}{\376\377\154\237\220\123\225\177\136\246\214\003\122\066\145\110\136\224}{subsection.7.2}% 73
\BOOKMARK [3][-]{subsubsection.7.2.2}{\376\377\220\037\136\246\231\161\124\214}{subsection.7.2}% 74
\BOOKMARK [2][-]{subsection.7.3}{\376\377\173\111\145\110\165\065\215\357\124\214\230\221\163\207\226\120\122\066}{section.7}% 75
\BOOKMARK [1][-]{section.8}{\376\377\226\104\137\125\000\040\000A\000\040\116\140\230\230\145\164\164\006\000-\0000\0001}{}% 76
\BOOKMARK [2][-]{subsection.8.1}{\376\377\123\112\133\374\117\123\147\120\145\231\162\151\164\006}{section.8}% 77
\BOOKMARK [2][-]{subsection.8.2}{\376\377\000P\000N\000\040\176\323}{section.8}% 78
\BOOKMARK [3][-]{subsubsection.8.2.1}{\376\377\000P\000N\000\040\176\323\166\204\137\142\142\020\217\307\172\013}{subsection.8.2}% 79
\BOOKMARK [3][-]{subsubsection.8.2.2}{\376\377\136\163\210\141\000\040\000P\000N\000\040\176\323}{subsection.8.2}% 80
\BOOKMARK [2][-]{subsection.8.3}{\376\377\225\356\173\124\230\230\145\164\164\006}{section.8}% 81
\BOOKMARK [1][-]{section.9}{\376\377\226\104\137\125\000\040\000B\000\040\116\140\230\230\145\164\164\006\000-\0000\0002}{}% 82
\BOOKMARK [2][-]{subsection.9.1}{\376\377\123\112\133\374\117\123\162\151\164\006\127\372\170\100}{section.9}% 83
\BOOKMARK [3][-]{subsubsection.9.1.1}{\376\377\123\112\133\374\117\123\217\175\155\101\133\120\217\223\217\320}{subsection.9.1}% 84
