\BOOKMARK [1][-]{section.1}{\376\377\173\054\116\000\172\340\000\040\137\256\147\072\151\202\217\360}{}% 1
\BOOKMARK [2][-]{subsection.1.1}{\376\377\145\160\122\066\116\016\213\241\173\227}{section.1}% 2
\BOOKMARK [1][-]{section.2}{\376\377\173\054\116\214\172\340\000\040\137\256\147\072\176\323\147\204}{}% 3
\BOOKMARK [1][-]{section.3}{\376\377\173\054\116\011\172\340\000\040\0008\0000\000x\0008\0006\000\040\143\007\116\344\174\373\176\337}{}% 4
\BOOKMARK [2][-]{subsection.3.1}{\376\377\133\373\127\100\145\271\137\017}{section.3}% 5
\BOOKMARK [2][-]{subsection.3.2}{\376\377\143\007\116\344\174\373\176\337}{section.3}% 6
\BOOKMARK [3][-]{subsubsection.3.2.1}{\376\377\131\004\164\006\126\150\143\247\122\066\174\173\143\007\116\344}{subsection.3.2}% 7
\BOOKMARK [1][-]{section.4}{\376\377\173\054\126\333\172\340\000\040\154\107\177\026\213\355\212\000\172\013\136\217\213\276\213\241\127\372\170\100}{}% 8
\BOOKMARK [1][-]{section.5}{\376\377\173\054\116\224\172\340\000\040\137\256\147\072\140\073\176\277\142\200\147\057}{}% 9
\BOOKMARK [2][-]{subsection.5.1}{\376\377\151\202\137\365}{section.5}% 10
\BOOKMARK [2][-]{subsection.5.2}{\376\377\136\070\165\050\202\257\162\107}{section.5}% 11
\BOOKMARK [2][-]{subsection.5.3}{\376\377\137\025\201\032\131\015\165\050}{section.5}% 12
\BOOKMARK [2][-]{subsection.5.4}{\376\377\135\345\117\134\152\041\137\017}{section.5}% 13
\BOOKMARK [2][-]{subsection.5.5}{\376\377\140\073\176\277\145\366\136\217}{section.5}% 14
\BOOKMARK [3][-]{subsubsection.5.5.1}{\376\377\124\015\213\315\211\343\221\312}{subsection.5.5}% 15
\BOOKMARK [3][-]{subsubsection.5.5.2}{\376\377\136\070\165\050\117\341\123\367}{subsection.5.5}% 16
\BOOKMARK [3][-]{subsubsection.5.5.3}{\376\377\131\015\117\115\060\001\124\057\122\250\145\366\136\217}{subsection.5.5}% 17
\BOOKMARK [3][-]{subsubsection.5.5.4}{\376\377\147\000\134\017\145\271\137\017\140\073\176\277\213\373\144\315\117\134\145\366\136\217}{subsection.5.5}% 18
\BOOKMARK [3][-]{subsubsection.5.5.5}{\376\377\147\000\134\017\145\271\137\017\140\073\176\277\121\231\144\315\117\134\145\366\136\217}{subsection.5.5}% 19
\BOOKMARK [3][-]{subsubsection.5.5.6}{\376\377\116\055\145\255\145\366\136\217}{subsection.5.5}% 20
\BOOKMARK [1][-]{section.6}{\376\377\173\054\121\155\172\340\000\040\133\130\120\250\174\373\176\337}{}% 21
\BOOKMARK [2][-]{subsection.6.1}{\376\377\133\130\120\250\126\150\122\006\174\173\116\016\127\372\147\054\143\007\150\007}{section.6}% 22
\BOOKMARK [3][-]{subsubsection.6.1.1}{\376\377\122\006\174\173}{subsection.6.1}% 23
\BOOKMARK [3][-]{subsubsection.6.1.2}{\376\377\127\372\147\054\140\047\200\375\143\007\150\007}{subsection.6.1}% 24
\BOOKMARK [2][-]{subsection.6.2}{\376\377\136\070\211\301\202\257\162\107}{section.6}% 25
\BOOKMARK [3][-]{subsubsection.6.2.1}{\376\377\220\032\165\050\137\025\201\032\162\171\160\271}{subsection.6.2}% 26
\BOOKMARK [3][-]{subsubsection.6.2.2}{\376\377\0006\0002\0006\0004}{subsection.6.2}% 27
\BOOKMARK [3][-]{subsubsection.6.2.3}{\376\377\0002\0001\0001\0004}{subsection.6.2}% 28
\BOOKMARK [3][-]{subsubsection.6.2.4}{\376\377\0002\0007\0006\0004}{subsection.6.2}% 29
\BOOKMARK [2][-]{subsection.6.3}{\376\377\133\130\120\250\126\150\142\151\134\125}{section.6}% 30
\BOOKMARK [3][-]{subsubsection.6.3.1}{\376\377\117\115\142\151\134\125}{subsection.6.3}% 31
\BOOKMARK [3][-]{subsubsection.6.3.2}{\376\377\133\127\202\202\142\151\134\125}{subsection.6.3}% 32
\BOOKMARK [3][-]{subsubsection.6.3.3}{\376\377\117\115\124\214\133\127\202\202\142\151\134\125}{subsection.6.3}% 33
\BOOKMARK [2][-]{subsection.6.4}{\376\377\127\060\127\100\213\321\170\001\165\065\215\357\213\276\213\241\377\010\162\107\220\011\377\011}{section.6}% 34
\BOOKMARK [2][-]{subsection.6.5}{\376\377\133\130\120\250\126\150\116\016\000\040\000C\000P\000U\000\040\217\336\143\245}{section.6}% 35
\BOOKMARK [1][-]{section.7}{\376\377\173\054\116\003\172\340\000\040\000I\000/\000O\143\245\123\343}{}% 36
\BOOKMARK [2][-]{subsection.7.1}{\376\377\151\202\137\365}{section.7}% 37
\BOOKMARK [2][-]{subsection.7.2}{\376\377\0008\0002\0005\0009\000A}{section.7}% 38
\BOOKMARK [1][-]{section.8}{\376\377\173\054\121\153\172\340\000\040\136\070\165\050\143\245\123\343\142\200\147\057}{}% 39
\BOOKMARK [2][-]{subsection.8.1}{\376\377\0008\0002\0005\0005\000A}{section.8}% 40
\BOOKMARK [2][-]{subsection.8.2}{\376\377\0008\0002\0005\0003}{section.8}% 41
\BOOKMARK [3][-]{subsubsection.8.2.1}{\376\377\143\247\122\066\133\127}{subsection.8.2}% 42
\BOOKMARK [3][-]{subsubsection.8.2.2}{\376\377\145\271\137\017\000\040\0000}{subsection.8.2}% 43
\BOOKMARK [3][-]{subsubsection.8.2.3}{\376\377\145\271\137\017\000\040\0001}{subsection.8.2}% 44
\BOOKMARK [3][-]{subsubsection.8.2.4}{\376\377\145\271\137\017\000\040\0002}{subsection.8.2}% 45
\BOOKMARK [3][-]{subsubsection.8.2.5}{\376\377\145\271\137\017\000\040\0002\000\040\000-\000\040\177\026\172\013\133\236\117\213}{subsection.8.2}% 46
\BOOKMARK [3][-]{subsubsection.8.2.6}{\376\377\145\271\137\017\000\040\0002\000\040\000-\000\040\145\366\136\070\145\160\213\241\173\227}{subsection.8.2}% 47
\BOOKMARK [3][-]{subsubsection.8.2.7}{\376\377\145\271\137\017\000\040\0003}{subsection.8.2}% 48
