\BOOKMARK [1][-]{section.1}{\376\377\173\054\116\000\172\340\000\040\226\306\142\020\165\065\215\357\126\150\116\366\127\372\170\100}{}% 1
\BOOKMARK [2][-]{subsection.1.1}{\376\377\000M\000O\000S\000\040\173\241\133\304\165\037\145\110\136\224}{section.1}% 2
\BOOKMARK [3][-]{subsubsection.1.1.1}{\376\377\211\206\166\326\133\304\165\037\165\065\133\271}{subsection.1.1}% 3
\BOOKMARK [3][-]{subsubsection.1.1.2}{\376\377\000P\000N\000\040\176\323\165\065\133\271}{subsection.1.1}% 4
\BOOKMARK [3][-]{subsubsection.1.1.3}{\376\377\150\005\154\237\220\123\165\065\133\271\377\010\147\054\137\201\165\065\133\271\377\011}{subsection.1.1}% 5
\BOOKMARK [2][-]{subsection.1.2}{\376\377\226\010\120\074\165\065\123\213}{section.1}% 6
\BOOKMARK [2][-]{subsection.1.3}{\376\377\220\037\136\246\231\161\124\214}{section.1}% 7
\BOOKMARK [2][-]{subsection.1.4}{\376\377\116\222\210\145\177\121\176\334}{section.1}% 8
\BOOKMARK [2][-]{subsection.1.5}{\376\377\116\140\230\230\211\343\147\220}{section.1}% 9
\BOOKMARK [3][-]{subsubsection.1.5.1}{\376\377\213\376\130\002\176\303\116\140}{subsection.1.5}% 10
\BOOKMARK [3][-]{subsubsection.1.5.2}{\376\377\117\134\116\032\230\230}{subsection.1.5}% 11
\BOOKMARK [1][-]{section.2}{\376\377\173\054\116\214\172\340\000\040\145\160\133\127\226\306\142\020\165\065\215\357\166\204\220\037\136\246}{}% 12
\BOOKMARK [2][-]{subsection.2.1}{\376\377\000M\000O\000S\000\040\173\241\165\065\133\271\152\041\127\213}{section.2}% 13
\BOOKMARK [2][-]{subsection.2.2}{\376\377\000M\000O\000S\000\040\173\241\166\204\157\017\165\065\155\101}{section.2}% 14
\BOOKMARK [2][-]{subsection.2.3}{\376\377\220\073\217\221\225\350\166\204\227\131\140\001\162\171\140\047}{section.2}% 15
\BOOKMARK [2][-]{subsection.2.4}{\376\377\137\000\121\163\226\010\120\074\377\010\133\371\171\360\123\315\166\370\126\150\377\011}{section.2}% 16
\BOOKMARK [2][-]{subsection.2.5}{\376\377\000C\000M\000O\000S\000\040\220\073\217\221\225\350\166\204\136\366\145\366\162\171\140\047}{section.2}% 17
\BOOKMARK [2][-]{subsection.2.6}{\376\377\147\054\137\201\136\366\145\366\060\001\122\252\122\233\136\366\145\366}{section.2}% 18
\BOOKMARK [2][-]{subsection.2.7}{\376\377\220\073\217\221\122\252\122\233\377\010\124\053\116\111\060\001\213\241\173\227\377\011}{section.2}% 19
\BOOKMARK [2][-]{subsection.2.8}{\376\377\121\163\225\056\215\357\137\204\166\204\213\241\173\227}{section.2}% 20
\BOOKMARK [2][-]{subsection.2.9}{\376\377\220\073\217\221\215\357\137\204\166\204\136\366\145\366\152\041\127\213}{section.2}% 21
\BOOKMARK [2][-]{subsection.2.10}{\376\377\134\072\133\370\117\030\123\026\225\356\230\230}{section.2}% 22
\BOOKMARK [2][-]{subsection.2.11}{\376\377\122\006\145\057\122\252\122\233}{section.2}% 23
\BOOKMARK [1][-]{section.3}{\376\377\173\054\116\011\172\340\000\040\145\160\133\127\226\306\142\020\165\065\215\357\166\204\122\237\200\027}{}% 24
\BOOKMARK [2][-]{subsection.3.1}{\376\377\122\250\140\001\122\237\200\027}{section.3}% 25
\BOOKMARK [3][-]{subsubsection.3.1.1}{\376\377\121\105\145\076\165\065\122\237\200\027}{subsection.3.1}% 26
\BOOKMARK [3][-]{subsubsection.3.1.2}{\376\377\167\355\215\357\122\237\200\027}{subsection.3.1}% 27
\BOOKMARK [2][-]{subsection.3.2}{\376\377\220\073\217\221\225\350\166\204\200\375\200\027}{section.3}% 28
\BOOKMARK [2][-]{subsection.3.3}{\376\377\137\000\121\163\155\073\122\250\140\047}{section.3}% 29
\BOOKMARK [2][-]{subsection.3.4}{\376\377\117\341\123\367\225\364\166\204\166\370\121\163\140\047}{section.3}% 30
\BOOKMARK [2][-]{subsection.3.5}{\376\377\137\161\124\315\227\131\140\001\122\237\200\027\166\204\126\340\175\040}{section.3}% 31
\BOOKMARK [3][-]{subsubsection.3.5.1}{\376\377\117\123\145\110\136\224}{subsection.3.5}% 32
\BOOKMARK [3][-]{subsubsection.3.5.2}{\376\377\000D\000I\000B\000L\000\040\145\110\136\224}{subsection.3.5}% 33
\BOOKMARK [3][-]{subsubsection.3.5.3}{\376\377\232\330\226\010\120\074\126\150\116\366\117\115\177\156}{subsection.3.5}% 34
\BOOKMARK [3][-]{subsubsection.3.5.4}{\376\377\130\006\123\340\145\110\136\224\377\010\226\115\117\116\227\131\140\001\122\237\200\027\166\204\142\113\153\265\377\011}{subsection.3.5}% 35
\BOOKMARK [2][-]{subsection.3.6}{\376\377\116\140\230\230\211\343\147\220}{section.3}% 36
\BOOKMARK [3][-]{subsubsection.3.6.1}{\376\377\213\376\130\002\176\303\116\140}{subsection.3.6}% 37
\BOOKMARK [3][-]{subsubsection.3.6.2}{\376\377\117\134\116\032\230\230}{subsection.3.6}% 38
\BOOKMARK [1][-]{section.4}{\376\377\173\054\126\333\172\340\000\040\145\160\133\127\226\306\142\020\165\065\215\357\166\204\234\201\150\322\140\047}{}% 39
\BOOKMARK [2][-]{subsection.4.1}{\376\377\117\341\123\367\133\214\145\164\140\047}{section.4}% 40
\BOOKMARK [3][-]{subsubsection.4.1.1}{\376\377\126\152\130\360\152\041\127\213}{subsection.4.1}% 41
\BOOKMARK [3][-]{subsubsection.4.1.2}{\376\377\117\341\123\367\121\215\165\037}{subsection.4.1}% 42
\BOOKMARK [2][-]{subsection.4.2}{\376\377\126\152\130\360\133\271\226\120}{section.4}% 43
\BOOKMARK [3][-]{subsubsection.4.2.1}{\376\377\137\000\121\163\226\010\120\074\116\016\123\125\176\247\126\152\130\360\133\271\226\120}{subsection.4.2}% 44
\BOOKMARK [1][-]{section.5}{\376\377\173\054\116\224\172\340\000\040\116\222\200\124\176\277\116\016\116\222\200\124\142\200\147\057}{}% 45
\BOOKMARK [2][-]{subsection.5.1}{\376\377\116\222\200\124\176\277\152\041\127\213}{section.5}% 46
\BOOKMARK [2][-]{subsection.5.2}{\376\377\116\222\200\124\176\277\166\204\133\304\165\037\145\110\136\224}{section.5}% 47
\BOOKMARK [3][-]{subsubsection.5.2.1}{\376\377\133\304\165\037\165\065\133\271}{subsection.5.2}% 48
\BOOKMARK [3][-]{subsubsection.5.2.2}{\376\377\133\304\165\037\165\065\226\073}{subsection.5.2}% 49
\BOOKMARK [3][-]{subsubsection.5.2.3}{\376\377\143\245\211\346\165\065\226\073\000\040\000\050\116\206\211\343\123\163\123\357\000\051}{subsection.5.2}% 50
\BOOKMARK [3][-]{subsubsection.5.2.4}{\376\377\133\304\165\037\165\065\141\037}{subsection.5.2}% 51
\BOOKMARK [2][-]{subsection.5.3}{\376\377\226\306\140\073\152\041\127\213}{section.5}% 52
\BOOKMARK [2][-]{subsection.5.4}{\376\377\122\006\136\003\152\041\127\213}{section.5}% 53
\BOOKMARK [3][-]{subsubsection.5.4.1}{\376\377\226\066\215\303\124\315\136\224\133\371\153\324\000\040\000\050\226\306\140\073\000\040\000v\000s\000\040\122\006\136\003\000\051}{subsection.5.4}% 54
\BOOKMARK [3][-]{subsubsection.5.4.2}{\376\377\200\003\206\121\232\161\122\250\126\150\121\205\226\073\166\204\122\006\136\003\152\041\127\213}{subsection.5.4}% 55
\BOOKMARK [2][-]{subsection.5.5}{\376\377\225\177\133\374\176\277\166\204\136\366\145\366\117\030\123\026}{section.5}% 56
\BOOKMARK [3][-]{subsubsection.5.5.1}{\376\377\145\271\154\325\116\000\377\032\143\322\121\145\116\055\176\347\126\150}{subsection.5.5}% 57
\BOOKMARK [3][-]{subsubsection.5.5.2}{\376\377\143\322\121\145\116\055\176\347\126\150\000\040\000\050\200\003\206\121\215\037\217\175\000\051}{subsection.5.5}% 58
\BOOKMARK [1][-]{section.6}{\376\377\173\054\121\155\172\340\000\040\176\304\124\010\220\073\217\221}{}% 59
\BOOKMARK [2][-]{subsection.6.1}{\376\377\227\131\140\001\116\222\210\145\000\040\000C\000M\000O\000S\000\040\220\073\217\221}{section.6}% 60
\BOOKMARK [2][-]{subsection.6.2}{\376\377\147\011\153\324\220\073\217\221}{section.6}% 61
\BOOKMARK [2][-]{subsection.6.3}{\376\377\117\040\217\223\225\350\220\073\217\221}{section.6}% 62
\BOOKMARK [2][-]{subsection.6.4}{\376\377\000C\000P\000L\000\040\220\073\217\221}{section.6}% 63
\BOOKMARK [2][-]{subsection.6.5}{\376\377\122\250\140\001\220\073\217\221}{section.6}% 64
\BOOKMARK [2][-]{subsection.6.6}{\376\377\116\062\200\124\122\250\140\001\225\350}{section.6}% 65
\BOOKMARK [2][-]{subsection.6.7}{\376\377\122\250\140\001\220\073\217\221\166\204\220\037\136\246\124\214\122\237\200\027}{section.6}% 66
\BOOKMARK [1][-]{section.7}{\376\377\173\054\116\003\172\340\000\040\145\366\136\217\220\073\217\221}{}% 67
\BOOKMARK [2][-]{subsection.7.1}{\376\377\123\314\172\063\140\001\123\237\164\006}{section.7}% 68
\BOOKMARK [2][-]{subsection.7.2}{\376\377\225\001\133\130\126\150}{section.7}% 69
\BOOKMARK [2][-]{subsection.7.3}{\376\377\116\073\116\316\217\271\154\277\211\346\123\321\133\304\133\130\126\150}{section.7}% 70
\BOOKMARK [2][-]{subsection.7.4}{\376\377\145\366\224\237\120\117\135\356\124\214\145\366\224\237\142\226\122\250}{section.7}% 71
\BOOKMARK [1][-]{section.8}{\376\377\173\054\121\153\172\340\000\040\122\240\154\325\126\150}{}% 72
\BOOKMARK [2][-]{subsection.8.1}{\376\377\116\214\217\333\122\066\122\240\154\325\126\150}{section.8}% 73
\BOOKMARK [2][-]{subsection.8.2}{\376\377\217\333\117\115\220\011\142\351\122\240\154\325\126\150}{section.8}% 74
\BOOKMARK [2][-]{subsection.8.3}{\376\377\217\333\117\115\145\301\215\357\122\240\154\325\126\150}{section.8}% 75
\BOOKMARK [2][-]{subsection.8.4}{\376\377\215\205\122\115\217\333\117\115\122\240\154\325\126\150}{section.8}% 76
\BOOKMARK [1][-]{section.9}{\376\377\173\054\116\135\172\340\000\040\116\130\154\325\126\150}{}% 77
\BOOKMARK [2][-]{subsection.9.1}{\376\377\116\214\217\333\122\066\116\130\154\325\126\150\377\010\147\011\060\001\145\340\173\046\123\367}{section.9}% 78
\BOOKMARK [2][-]{subsection.9.2}{\376\377\220\350\122\006\123\163\116\247\165\037\377\010\220\350\122\006\171\357\123\213\177\051\060\001\000B\000o\000o\000t\000h\000\040\177\026\170\001\377\011}{section.9}% 79
\BOOKMARK [2][-]{subsection.9.3}{\376\377\220\350\122\006\171\357\175\057\122\240}{section.9}% 80
\BOOKMARK [2][-]{subsection.9.4}{\376\377\220\020\117\115\217\333\117\115\226\065\122\027\116\130\154\325\126\150}{section.9}% 81
\BOOKMARK [2][-]{subsection.9.5}{\376\377\217\333\117\115\117\335\165\131\116\130\154\325\126\150}{section.9}% 82
\BOOKMARK [2][-]{subsection.9.6}{\376\377\147\000\176\310\166\370\122\240}{section.9}% 83
\BOOKMARK [1][-]{section.10}{\376\377\173\054\123\101\172\340\000\040\171\373\117\115\126\150}{}% 84
\BOOKMARK [2][-]{subsection.10.1}{\376\377\171\373\117\115\126\150\213\276\213\241}{section.10}% 85
\BOOKMARK [2][-]{subsection.10.2}{\376\377\157\017\145\227\127\213\171\373\117\115\126\150}{section.10}% 86
\BOOKMARK [3][-]{subsubsection.10.2.1}{\376\377\116\000\117\115\135\346\123\363\171\373\117\115\126\150}{subsection.10.2}% 87
\BOOKMARK [2][-]{subsection.10.3}{\376\377\150\166\127\213\171\373\117\115\126\150}{section.10}% 88
\BOOKMARK [2][-]{subsection.10.4}{\376\377\133\371\145\160\171\373\117\115\126\150}{section.10}% 89
\BOOKMARK [3][-]{subsubsection.10.4.1}{\376\377\133\371\145\160\171\373\117\115\126\150\123\237\164\006\116\016\162\171\140\047}{subsection.10.4}% 90
\BOOKMARK [2][-]{subsection.10.5}{\376\377\116\140\230\230\211\343\147\220}{section.10}% 91
\BOOKMARK [3][-]{subsubsection.10.5.1}{\376\377\117\134\116\032\230\230}{subsection.10.5}% 92
\BOOKMARK [1][-]{section.11}{\376\377\173\054\123\101\116\000\172\340\000\040\000M\000O\000S\000\040\133\130\120\250\126\150}{}% 93
\BOOKMARK [2][-]{subsection.11.1}{\376\377\000M\000O\000S\000\040\133\130\120\250\126\150\122\006\174\173}{section.11}% 94
\BOOKMARK [2][-]{subsection.11.2}{\376\377\133\130\120\250\126\150\176\323\147\204}{section.11}% 95
\BOOKMARK [2][-]{subsection.11.3}{\376\377\133\130\120\250\117\123}{section.11}% 96
\BOOKMARK [2][-]{subsection.11.4}{\376\377\127\060\127\100\213\321\170\001\126\150}{section.11}% 97
\BOOKMARK [2][-]{subsection.11.5}{\376\377\213\373\121\231\143\247\122\066\123\312\217\223\121\145\217\223\121\372\165\065\215\357}{section.11}% 98
\BOOKMARK [2][-]{subsection.11.6}{\376\377\000M\000a\000s\000k\000\040\000R\000O\000M}{section.11}% 99
\BOOKMARK [2][-]{subsection.11.7}{\376\377\000S\000R\000A\000M}{section.11}% 100
\BOOKMARK [2][-]{subsection.11.8}{\376\377\000D\000R\000A\000M}{section.11}% 101
\BOOKMARK [1][-]{section.12}{\376\377\173\054\123\101\116\214\172\340\000\040\000V\000e\000r\000i\000l\000o\000g\000\040\170\154\116\366\213\276\213\241}{}% 102
\BOOKMARK [2][-]{subsection.12.1}{\376\377\176\304\124\010\220\073\217\221}{section.12}% 103
\BOOKMARK [2][-]{subsection.12.2}{\376\377\145\366\136\217\220\073\217\221}{section.12}% 104
\BOOKMARK [2][-]{subsection.12.3}{\376\377\162\266\140\001\147\072}{section.12}% 105
\BOOKMARK [3][-]{subsubsection.12.3.1}{\376\377\162\266\140\001\147\072\213\276\213\241\143\317\217\360\145\271\137\017}{subsection.12.3}% 106
\BOOKMARK [3][-]{subsubsection.12.3.2}{\376\377\116\011\153\265\137\017\162\266\140\001\147\072}{subsection.12.3}% 107
