This is XeTeX, Version 3.141592653-2.6-0.999997 (TeX Live 2025) (preloaded format=xelatex 2025.12.8)  5 JAN 2026 21:15
entering extended mode
 restricted \write18 enabled.
 file:line:error style messages enabled.
 %&-line parsing enabled.
**"/Users/xurlin/Documents/2025_autumn 期末复习/微机原理/期末复习cheatsheet/数字集成电路/VLSI-Cheatsheet"
(/Users/xurlin/Documents/2025_autumn 期末复习/微机原理/期末复习cheatsheet/数字集成电路/VLSI-Cheatsheet.tex
LaTeX2e <2024-11-01> patch level 2
L3 programming layer <2025-01-18>
(/usr/local/texlive/2025/texmf-dist/tex/latex/base/article.cls
Document Class: article 2024/06/29 v1.4n Standard LaTeX document class
(/usr/local/texlive/2025/texmf-dist/tex/latex/base/size10.clo
File: size10.clo 2024/06/29 v1.4n Standard LaTeX file (size option)
)
\c@part=\count192
\c@section=\count193
\c@subsection=\count194
\c@subsubsection=\count195
\c@paragraph=\count196
\c@subparagraph=\count197
\c@figure=\count198
\c@table=\count199
\abovecaptionskip=\skip49
\belowcaptionskip=\skip50
\bibindent=\dimen141
) (/usr/local/texlive/2025/texmf-dist/tex/latex/ctex/ctex.sty (/usr/local/texlive/2025/texmf-dist/tex/latex/l3kernel/expl3.sty
Package: expl3 2025-01-18 L3 programming layer (loader) 
 (/usr/local/texlive/2025/texmf-dist/tex/latex/l3backend/l3backend-xetex.def
File: l3backend-xetex.def 2024-05-08 L3 backend support: XeTeX
\g__graphics_track_int=\count266
\l__pdf_internal_box=\box52
\g__pdf_backend_annotation_int=\count267
\g__pdf_backend_link_int=\count268
))
Package: ctex 2022/07/14 v2.5.10 Chinese adapter in LaTeX (CTEX)
 (/usr/local/texlive/2025/texmf-dist/tex/latex/ctex/ctexhook.sty
Package: ctexhook 2022/07/14 v2.5.10 Document and package hooks (CTEX)
) (/usr/local/texlive/2025/texmf-dist/tex/latex/ctex/ctexpatch.sty
Package: ctexpatch 2022/07/14 v2.5.10 Patching commands (CTEX)
) (/usr/local/texlive/2025/texmf-dist/tex/latex/base/fix-cm.sty
Package: fix-cm 2020/11/24 v1.1t fixes to LaTeX
 (/usr/local/texlive/2025/texmf-dist/tex/latex/base/ts1enc.def
File: ts1enc.def 2001/06/05 v3.0e (jk/car/fm) Standard LaTeX file
LaTeX Font Info:    Redeclaring font encoding TS1 on input line 47.
))
\l__ctex_tmp_int=\count269
\l__ctex_tmp_box=\box53
\l__ctex_tmp_dim=\dimen142
\g__ctex_section_depth_int=\count270
\g__ctex_font_size_int=\count271
 (/usr/local/texlive/2025/texmf-dist/tex/latex/ctex/config/ctexopts.cfg
File: ctexopts.cfg 2022/07/14 v2.5.10 Option configuration file (CTEX)
) (/usr/local/texlive/2025/texmf-dist/tex/latex/ctex/engine/ctex-engine-xetex.def
File: ctex-engine-xetex.def 2022/07/14 v2.5.10 XeLaTeX adapter (CTEX)
 (/usr/local/texlive/2025/texmf-dist/tex/xelatex/xecjk/xeCJK.sty
Package: xeCJK 2022/08/05 v3.9.1 Typesetting CJK scripts with XeLaTeX
 (/usr/local/texlive/2025/texmf-dist/tex/latex/l3packages/xtemplate/xtemplate.sty
Package: xtemplate 2024-08-16 L3 Experimental prototype document functions
)
\l__xeCJK_tmp_int=\count272
\l__xeCJK_tmp_box=\box54
\l__xeCJK_tmp_dim=\dimen143
\l__xeCJK_tmp_skip=\skip51
\g__xeCJK_space_factor_int=\count273
\l__xeCJK_begin_int=\count274
\l__xeCJK_end_int=\count275
\c__xeCJK_CJK_class_int=\XeTeXcharclass1
\c__xeCJK_FullLeft_class_int=\XeTeXcharclass2
\c__xeCJK_FullRight_class_int=\XeTeXcharclass3
\c__xeCJK_HalfLeft_class_int=\XeTeXcharclass4
\c__xeCJK_HalfRight_class_int=\XeTeXcharclass5
\c__xeCJK_NormalSpace_class_int=\XeTeXcharclass6
\c__xeCJK_CM_class_int=\XeTeXcharclass7
\c__xeCJK_HangulJamo_class_int=\XeTeXcharclass8
\l__xeCJK_last_skip=\skip52
\c__xeCJK_none_node=\count276
\g__xeCJK_node_int=\count277
\c__xeCJK_CJK_node_dim=\dimen144
\c__xeCJK_CJK-space_node_dim=\dimen145
\c__xeCJK_default_node_dim=\dimen146
\c__xeCJK_CJK-widow_node_dim=\dimen147
\c__xeCJK_normalspace_node_dim=\dimen148
\c__xeCJK_default-space_node_skip=\skip53
\l__xeCJK_ccglue_skip=\skip54
\l__xeCJK_ecglue_skip=\skip55
\l__xeCJK_punct_kern_skip=\skip56
\l__xeCJK_indent_box=\box55
\l__xeCJK_last_penalty_int=\count278
\l__xeCJK_last_bound_dim=\dimen149
\l__xeCJK_last_kern_dim=\dimen150
\l__xeCJK_widow_penalty_int=\count279

LaTeX template Info: Declaring template type 'xeCJK/punctuation' taking 0
(template)           argument(s) on line 2396.

\l__xeCJK_fixed_punct_width_dim=\dimen151
\l__xeCJK_mixed_punct_width_dim=\dimen152
\l__xeCJK_middle_punct_width_dim=\dimen153
\l__xeCJK_fixed_margin_width_dim=\dimen154
\l__xeCJK_mixed_margin_width_dim=\dimen155
\l__xeCJK_middle_margin_width_dim=\dimen156
\l__xeCJK_bound_punct_width_dim=\dimen157
\l__xeCJK_bound_margin_width_dim=\dimen158
\l__xeCJK_margin_minimum_dim=\dimen159
\l__xeCJK_kerning_total_width_dim=\dimen160
\l__xeCJK_same_align_margin_dim=\dimen161
\l__xeCJK_different_align_margin_dim=\dimen162
\l__xeCJK_kerning_margin_width_dim=\dimen163
\l__xeCJK_kerning_margin_minimum_dim=\dimen164
\l__xeCJK_bound_dim=\dimen165
\l__xeCJK_reverse_bound_dim=\dimen166
\l__xeCJK_margin_dim=\dimen167
\l__xeCJK_minimum_bound_dim=\dimen168
\l__xeCJK_kerning_margin_dim=\dimen169
\g__xeCJK_family_int=\count280
\l__xeCJK_fam_int=\count281
\g__xeCJK_fam_allocation_int=\count282
\l__xeCJK_verb_case_int=\count283
\l__xeCJK_verb_exspace_skip=\skip57
 (/usr/local/texlive/2025/texmf-dist/tex/latex/fontspec/fontspec.sty (/usr/local/texlive/2025/texmf-dist/tex/latex/l3packages/xparse/xparse.sty
Package: xparse 2024-08-16 L3 Experimental document command parser
)
Package: fontspec 2024/05/11 v2.9e Font selection for XeLaTeX and LuaLaTeX
 (/usr/local/texlive/2025/texmf-dist/tex/latex/fontspec/fontspec-xetex.sty
Package: fontspec-xetex 2024/05/11 v2.9e Font selection for XeLaTeX and LuaLaTeX
\l__fontspec_script_int=\count284
\l__fontspec_language_int=\count285
\l__fontspec_strnum_int=\count286
\l__fontspec_tmp_int=\count287
\l__fontspec_tmpa_int=\count288
\l__fontspec_tmpb_int=\count289
\l__fontspec_tmpc_int=\count290
\l__fontspec_em_int=\count291
\l__fontspec_emdef_int=\count292
\l__fontspec_strong_int=\count293
\l__fontspec_strongdef_int=\count294
\l__fontspec_tmpa_dim=\dimen170
\l__fontspec_tmpb_dim=\dimen171
\l__fontspec_tmpc_dim=\dimen172
 (/usr/local/texlive/2025/texmf-dist/tex/latex/base/fontenc.sty
Package: fontenc 2021/04/29 v2.0v Standard LaTeX package
) (/usr/local/texlive/2025/texmf-dist/tex/latex/fontspec/fontspec.cfg))) (/usr/local/texlive/2025/texmf-dist/tex/xelatex/xecjk/xeCJK.cfg
File: xeCJK.cfg 2022/08/05 v3.9.1 Configuration file for xeCJK package
))
\ccwd=\dimen173
\l__ctex_ccglue_skip=\skip58
)
\l__ctex_ziju_dim=\dimen174
 (/usr/local/texlive/2025/texmf-dist/tex/latex/zhnumber/zhnumber.sty
Package: zhnumber 2022/07/14 v3.0 Typesetting numbers with Chinese glyphs
\l__zhnum_scale_int=\count295
\l__zhnum_tmp_int=\count296
 (/usr/local/texlive/2025/texmf-dist/tex/latex/zhnumber/zhnumber-utf8.cfg
File: zhnumber-utf8.cfg 2022/07/14 v3.0 Chinese numerals with UTF8 encoding
)) (/usr/local/texlive/2025/texmf-dist/tex/latex/ctex/scheme/ctex-scheme-chinese.def
File: ctex-scheme-chinese.def 2022/07/14 v2.5.10 Chinese scheme for generic (CTEX)
 (/usr/local/texlive/2025/texmf-dist/tex/latex/ctex/config/ctex-name-utf8.cfg
File: ctex-name-utf8.cfg 2022/07/14 v2.5.10 Caption with encoding UTF-8 (CTEX)
)) (/usr/local/texlive/2025/texmf-dist/tex/latex/tools/indentfirst.sty
Package: indentfirst 2023/07/02 v1.03 Indent first paragraph (DPC)
) (/usr/local/texlive/2025/texmf-dist/tex/latex/ctex/fontset/ctex-fontset-mac.def
File: ctex-fontset-mac.def 2022/07/14 v2.5.10 macOS fonts definition (CTEX)
 (/usr/local/texlive/2025/texmf-dist/tex/latex/ctex/fontset/ctex-fontset-macold.def
File: ctex-fontset-macold.def 2022/07/14 v2.5.10 macOS fonts definition for Yosemite or earlier version (CTEX)

Package fontspec Info: 
(fontspec)             Script 'CJK' not explicitly supported within font
(fontspec)             'STSong'. Check the typeset output, and if it is okay
(fontspec)             then ignore this warning. Otherwise a different font
(fontspec)             should be chosen.


Package fontspec Info: 
(fontspec)             Could not resolve font "STKaiti/B" (it probably doesn't
(fontspec)             exist).


Package fontspec Info: 
(fontspec)             Could not resolve font "STHeiti/I" (it probably doesn't
(fontspec)             exist).


Package fontspec Info: 
(fontspec)             Could not resolve font "STSong/BI" (it probably doesn't
(fontspec)             exist).


Package fontspec Info: 
(fontspec)             Font family 'STSong(0)' created for font 'STSong' with
(fontspec)             options
(fontspec)             [Script={CJK},BoldFont={STHeiti},ItalicFont={STKaiti}].
(fontspec)              
(fontspec)              This font family consists of the following NFSS
(fontspec)             series/shapes:
(fontspec)              
(fontspec)             - 'normal' (m/n) with NFSS spec.:
(fontspec)             <->"STSong/OT:script=hani;language=dflt;"
(fontspec)             - 'bold' (b/n) with NFSS spec.:
(fontspec)             <->"STHeiti/OT:script=hani;language=dflt;"
(fontspec)             - 'italic' (m/it) with NFSS spec.:
(fontspec)             <->"STKaiti/OT:script=hani;language=dflt;"

))) (/usr/local/texlive/2025/texmf-dist/tex/latex/ctex/config/ctex.cfg
File: ctex.cfg 2022/07/14 v2.5.10 Configuration file (CTEX)
) (/usr/local/texlive/2025/texmf-dist/tex/latex/tools/multicol.sty
Package: multicol 2024/09/14 v1.9i multicolumn formatting (FMi)
\c@tracingmulticols=\count297
\mult@box=\box56
\multicol@leftmargin=\dimen175
\c@unbalance=\count298
\c@collectmore=\count299
\doublecol@number=\count300
\multicoltolerance=\count301
\multicolpretolerance=\count302
\full@width=\dimen176
\page@free=\dimen177
\premulticols=\dimen178
\postmulticols=\dimen179
\multicolsep=\skip59
\multicolbaselineskip=\skip60
\partial@page=\box57
\last@line=\box58
\mc@boxedresult=\box59
\maxbalancingoverflow=\dimen180
\mult@rightbox=\box60
\mult@grightbox=\box61
\mult@firstbox=\box62
\mult@gfirstbox=\box63
\@tempa=\box64
\@tempa=\box65
\@tempa=\box66
\@tempa=\box67
\@tempa=\box68
\@tempa=\box69
\@tempa=\box70
\@tempa=\box71
\@tempa=\box72
\@tempa=\box73
\@tempa=\box74
\@tempa=\box75
\@tempa=\box76
\@tempa=\box77
\@tempa=\box78
\@tempa=\box79
\@tempa=\box80
\@tempa=\box81
\@tempa=\box82
\@tempa=\box83
\@tempa=\box84
\@tempa=\box85
\@tempa=\box86
\@tempa=\box87
\@tempa=\box88
\@tempa=\box89
\@tempa=\box90
\@tempa=\box91
\@tempa=\box92
\@tempa=\box93
\@tempa=\box94
\@tempa=\box95
\@tempa=\box96
\@tempa=\box97
\@tempa=\box98
\@tempa=\box99
\c@minrows=\count303
\c@columnbadness=\count304
\c@finalcolumnbadness=\count305
\last@try=\dimen181
\multicolovershoot=\dimen182
\multicolundershoot=\dimen183
\mult@nat@firstbox=\box100
\colbreak@box=\box101
\mc@col@check@num=\count306
) (/usr/local/texlive/2025/texmf-dist/tex/latex/tools/calc.sty
Package: calc 2023/07/08 v4.3 Infix arithmetic (KKT,FJ)
\calc@Acount=\count307
\calc@Bcount=\count308
\calc@Adimen=\dimen184
\calc@Bdimen=\dimen185
\calc@Askip=\skip61
\calc@Bskip=\skip62
LaTeX Info: Redefining \setlength on input line 80.
LaTeX Info: Redefining \addtolength on input line 81.
\calc@Ccount=\count309
\calc@Cskip=\skip63
) (/usr/local/texlive/2025/texmf-dist/tex/latex/base/ifthen.sty
Package: ifthen 2024/03/16 v1.1e Standard LaTeX ifthen package (DPC)
) (/usr/local/texlive/2025/texmf-dist/tex/latex/geometry/geometry.sty
Package: geometry 2020/01/02 v5.9 Page Geometry
 (/usr/local/texlive/2025/texmf-dist/tex/latex/graphics/keyval.sty
Package: keyval 2022/05/29 v1.15 key=value parser (DPC)
\KV@toks@=\toks17
) (/usr/local/texlive/2025/texmf-dist/tex/generic/iftex/ifvtex.sty
Package: ifvtex 2019/10/25 v1.7 ifvtex legacy package. Use iftex instead.
 (/usr/local/texlive/2025/texmf-dist/tex/generic/iftex/iftex.sty
Package: iftex 2024/12/12 v1.0g TeX engine tests
))
\Gm@cnth=\count310
\Gm@cntv=\count311
\c@Gm@tempcnt=\count312
\Gm@bindingoffset=\dimen186
\Gm@wd@mp=\dimen187
\Gm@odd@mp=\dimen188
\Gm@even@mp=\dimen189
\Gm@layoutwidth=\dimen190
\Gm@layoutheight=\dimen191
\Gm@layouthoffset=\dimen192
\Gm@layoutvoffset=\dimen193
\Gm@dimlist=\toks18
) (/usr/local/texlive/2025/texmf-dist/tex/latex/amsmath/amsmath.sty
Package: amsmath 2024/11/05 v2.17t AMS math features
\@mathmargin=\skip64

For additional information on amsmath, use the `?' option.
(/usr/local/texlive/2025/texmf-dist/tex/latex/amsmath/amstext.sty
Package: amstext 2021/08/26 v2.01 AMS text
 (/usr/local/texlive/2025/texmf-dist/tex/latex/amsmath/amsgen.sty
File: amsgen.sty 1999/11/30 v2.0 generic functions
\@emptytoks=\toks19
\ex@=\dimen194
)) (/usr/local/texlive/2025/texmf-dist/tex/latex/amsmath/amsbsy.sty
Package: amsbsy 1999/11/29 v1.2d Bold Symbols
\pmbraise@=\dimen195
) (/usr/local/texlive/2025/texmf-dist/tex/latex/amsmath/amsopn.sty
Package: amsopn 2022/04/08 v2.04 operator names
)
\inf@bad=\count313
LaTeX Info: Redefining \frac on input line 233.
\uproot@=\count314
\leftroot@=\count315
LaTeX Info: Redefining \overline on input line 398.
LaTeX Info: Redefining \colon on input line 409.
\classnum@=\count316
\DOTSCASE@=\count317
LaTeX Info: Redefining \ldots on input line 495.
LaTeX Info: Redefining \dots on input line 498.
LaTeX Info: Redefining \cdots on input line 619.
\Mathstrutbox@=\box102
\strutbox@=\box103
LaTeX Info: Redefining \big on input line 721.
LaTeX Info: Redefining \Big on input line 722.
LaTeX Info: Redefining \bigg on input line 723.
LaTeX Info: Redefining \Bigg on input line 724.
\big@size=\dimen196
LaTeX Font Info:    Redeclaring font encoding OML on input line 742.
LaTeX Font Info:    Redeclaring font encoding OMS on input line 743.
\macc@depth=\count318
LaTeX Info: Redefining \bmod on input line 904.
LaTeX Info: Redefining \pmod on input line 909.
LaTeX Info: Redefining \smash on input line 939.
LaTeX Info: Redefining \relbar on input line 969.
LaTeX Info: Redefining \Relbar on input line 970.
\c@MaxMatrixCols=\count319
\dotsspace@=\muskip17
\c@parentequation=\count320
\dspbrk@lvl=\count321
\tag@help=\toks20
\row@=\count322
\column@=\count323
\maxfields@=\count324
\andhelp@=\toks21
\eqnshift@=\dimen197
\alignsep@=\dimen198
\tagshift@=\dimen199
\tagwidth@=\dimen256
\totwidth@=\dimen257
\lineht@=\dimen258
\@envbody=\toks22
\multlinegap=\skip65
\multlinetaggap=\skip66
\mathdisplay@stack=\toks23
LaTeX Info: Redefining \[ on input line 2953.
LaTeX Info: Redefining \] on input line 2954.
) (/usr/local/texlive/2025/texmf-dist/tex/latex/amscls/amsthm.sty
Package: amsthm 2020/05/29 v2.20.6
\thm@style=\toks24
\thm@bodyfont=\toks25
\thm@headfont=\toks26
\thm@notefont=\toks27
\thm@headpunct=\toks28
\thm@preskip=\skip67
\thm@postskip=\skip68
\thm@headsep=\skip69
\dth@everypar=\toks29
) (/usr/local/texlive/2025/texmf-dist/tex/latex/amsfonts/amsfonts.sty
Package: amsfonts 2013/01/14 v3.01 Basic AMSFonts support
\symAMSa=\mathgroup4
\symAMSb=\mathgroup5
LaTeX Font Info:    Redeclaring math symbol \hbar on input line 98.
LaTeX Font Info:    Overwriting math alphabet `\mathfrak' in version `bold'
(Font)                  U/euf/m/n --> U/euf/b/n on input line 106.
) (/usr/local/texlive/2025/texmf-dist/tex/latex/amsfonts/amssymb.sty
Package: amssymb 2013/01/14 v3.01 AMS font symbols
) (/usr/local/texlive/2025/texmf-dist/tex/latex/graphics/color.sty
Package: color 2024/06/23 v1.3e Standard LaTeX Color (DPC)
 (/usr/local/texlive/2025/texmf-dist/tex/latex/graphics-cfg/color.cfg
File: color.cfg 2016/01/02 v1.6 sample color configuration
)
Package color Info: Driver file: xetex.def on input line 149.
 (/usr/local/texlive/2025/texmf-dist/tex/latex/graphics-def/xetex.def
File: xetex.def 2022/09/22 v5.0n Graphics/color driver for xetex
) (/usr/local/texlive/2025/texmf-dist/tex/latex/graphics/mathcolor.ltx)) (/usr/local/texlive/2025/texmf-dist/tex/latex/graphics/graphicx.sty
Package: graphicx 2021/09/16 v1.2d Enhanced LaTeX Graphics (DPC,SPQR)
 (/usr/local/texlive/2025/texmf-dist/tex/latex/graphics/graphics.sty
Package: graphics 2024/08/06 v1.4g Standard LaTeX Graphics (DPC,SPQR)
 (/usr/local/texlive/2025/texmf-dist/tex/latex/graphics/trig.sty
Package: trig 2023/12/02 v1.11 sin cos tan (DPC)
) (/usr/local/texlive/2025/texmf-dist/tex/latex/graphics-cfg/graphics.cfg
File: graphics.cfg 2016/06/04 v1.11 sample graphics configuration
)
Package graphics Info: Driver file: xetex.def on input line 106.
)
\Gin@req@height=\dimen259
\Gin@req@width=\dimen260
) (/usr/local/texlive/2025/texmf-dist/tex/latex/overpic/overpic.sty
Package: overpic 2024/01/06 2.1 picture overlays (RN)
 (/usr/local/texlive/2025/texmf-dist/tex/latex/eepic/epic.sty
Enhancements to Picture Environment. Version 1.2 - Released June 1, 1986
\@@multicnt=\count325
\d@lta=\count326
\@delta=\dimen261
\@@delta=\dimen262
\@gridcnt=\count327
\@joinkind=\count328
\@dotgap=\dimen263
\@ddotgap=\dimen264
\@x@diff=\count329
\@y@diff=\count330
\x@diff=\dimen265
\y@diff=\dimen266
\@dotbox=\box104
\num@segments=\count331
\num@segmentsi=\count332
\@datafile=\read2
)
\OVP@box=\box105
) (/usr/local/texlive/2025/texmf-dist/tex/latex/hyperref/hyperref.sty
Package: hyperref 2024-11-05 v7.01l Hypertext links for LaTeX
 (/usr/local/texlive/2025/texmf-dist/tex/latex/kvsetkeys/kvsetkeys.sty
Package: kvsetkeys 2022-10-05 v1.19 Key value parser (HO)
) (/usr/local/texlive/2025/texmf-dist/tex/generic/kvdefinekeys/kvdefinekeys.sty
Package: kvdefinekeys 2019-12-19 v1.6 Define keys (HO)
) (/usr/local/texlive/2025/texmf-dist/tex/generic/pdfescape/pdfescape.sty
Package: pdfescape 2019/12/09 v1.15 Implements pdfTeX's escape features (HO)
 (/usr/local/texlive/2025/texmf-dist/tex/generic/ltxcmds/ltxcmds.sty
Package: ltxcmds 2023-12-04 v1.26 LaTeX kernel commands for general use (HO)
) (/usr/local/texlive/2025/texmf-dist/tex/generic/pdftexcmds/pdftexcmds.sty
Package: pdftexcmds 2020-06-27 v0.33 Utility functions of pdfTeX for LuaTeX (HO)
 (/usr/local/texlive/2025/texmf-dist/tex/generic/infwarerr/infwarerr.sty
Package: infwarerr 2019/12/03 v1.5 Providing info/warning/error messages (HO)
)
Package pdftexcmds Info: \pdf@primitive is available.
Package pdftexcmds Info: \pdf@ifprimitive is available.
Package pdftexcmds Info: \pdfdraftmode not found.
)) (/usr/local/texlive/2025/texmf-dist/tex/latex/hycolor/hycolor.sty
Package: hycolor 2020-01-27 v1.10 Color options for hyperref/bookmark (HO)
) (/usr/local/texlive/2025/texmf-dist/tex/latex/hyperref/nameref.sty
Package: nameref 2023-11-26 v2.56 Cross-referencing by name of section
 (/usr/local/texlive/2025/texmf-dist/tex/latex/refcount/refcount.sty
Package: refcount 2019/12/15 v3.6 Data extraction from label references (HO)
) (/usr/local/texlive/2025/texmf-dist/tex/generic/gettitlestring/gettitlestring.sty
Package: gettitlestring 2019/12/15 v1.6 Cleanup title references (HO)
 (/usr/local/texlive/2025/texmf-dist/tex/latex/kvoptions/kvoptions.sty
Package: kvoptions 2022-06-15 v3.15 Key value format for package options (HO)
))
\c@section@level=\count333
) (/usr/local/texlive/2025/texmf-dist/tex/latex/etoolbox/etoolbox.sty
Package: etoolbox 2025/02/11 v2.5l e-TeX tools for LaTeX (JAW)
\etb@tempcnta=\count334
) (/usr/local/texlive/2025/texmf-dist/tex/generic/stringenc/stringenc.sty
Package: stringenc 2019/11/29 v1.12 Convert strings between diff. encodings (HO)
)
\@linkdim=\dimen267
\Hy@linkcounter=\count335
\Hy@pagecounter=\count336
 (/usr/local/texlive/2025/texmf-dist/tex/latex/hyperref/pd1enc.def
File: pd1enc.def 2024-11-05 v7.01l Hyperref: PDFDocEncoding definition (HO)
) (/usr/local/texlive/2025/texmf-dist/tex/generic/intcalc/intcalc.sty
Package: intcalc 2019/12/15 v1.3 Expandable calculations with integers (HO)
)
\Hy@SavedSpaceFactor=\count337
 (/usr/local/texlive/2025/texmf-dist/tex/latex/hyperref/puenc.def
File: puenc.def 2024-11-05 v7.01l Hyperref: PDF Unicode definition (HO)
)
Package hyperref Info: Option `unicode' set `true' on input line 4040.
Package hyperref Info: Hyper figures OFF on input line 4157.
Package hyperref Info: Link nesting OFF on input line 4162.
Package hyperref Info: Hyper index ON on input line 4165.
Package hyperref Info: Plain pages OFF on input line 4172.
Package hyperref Info: Backreferencing OFF on input line 4177.
Package hyperref Info: Implicit mode ON; LaTeX internals redefined.
Package hyperref Info: Bookmarks ON on input line 4424.
\c@Hy@tempcnt=\count338
 (/usr/local/texlive/2025/texmf-dist/tex/latex/url/url.sty
\Urlmuskip=\muskip18
Package: url 2013/09/16  ver 3.4  Verb mode for urls, etc.
)
LaTeX Info: Redefining \url on input line 4763.
\XeTeXLinkMargin=\dimen268
 (/usr/local/texlive/2025/texmf-dist/tex/generic/bitset/bitset.sty
Package: bitset 2019/12/09 v1.3 Handle bit-vector datatype (HO)
 (/usr/local/texlive/2025/texmf-dist/tex/generic/bigintcalc/bigintcalc.sty
Package: bigintcalc 2019/12/15 v1.5 Expandable calculations on big integers (HO)
))
\Fld@menulength=\count339
\Field@Width=\dimen269
\Fld@charsize=\dimen270
Package hyperref Info: Hyper figures OFF on input line 6042.
Package hyperref Info: Link nesting OFF on input line 6047.
Package hyperref Info: Hyper index ON on input line 6050.
Package hyperref Info: backreferencing OFF on input line 6057.
Package hyperref Info: Link coloring OFF on input line 6062.
Package hyperref Info: Link coloring with OCG OFF on input line 6067.
Package hyperref Info: PDF/A mode OFF on input line 6072.
 (/usr/local/texlive/2025/texmf-dist/tex/latex/base/atbegshi-ltx.sty
Package: atbegshi-ltx 2021/01/10 v1.0c Emulation of the original atbegshi
package with kernel methods
)
\Hy@abspage=\count340
\c@Item=\count341
\c@Hfootnote=\count342
)
Package hyperref Info: Driver (autodetected): hxetex.
 (/usr/local/texlive/2025/texmf-dist/tex/latex/hyperref/hxetex.def
File: hxetex.def 2024-11-05 v7.01l Hyperref driver for XeTeX
\pdfm@box=\box106
\c@Hy@AnnotLevel=\count343
\HyField@AnnotCount=\count344
\Fld@listcount=\count345
\c@bookmark@seq@number=\count346
 (/usr/local/texlive/2025/texmf-dist/tex/latex/rerunfilecheck/rerunfilecheck.sty
Package: rerunfilecheck 2022-07-10 v1.10 Rerun checks for auxiliary files (HO)
 (/usr/local/texlive/2025/texmf-dist/tex/latex/base/atveryend-ltx.sty
Package: atveryend-ltx 2020/08/19 v1.0a Emulation of the original atveryend package
with kernel methods
) (/usr/local/texlive/2025/texmf-dist/tex/generic/uniquecounter/uniquecounter.sty
Package: uniquecounter 2019/12/15 v1.4 Provide unlimited unique counter (HO)
)
Package uniquecounter Info: New unique counter `rerunfilecheck' on input line 285.
)
\Hy@SectionHShift=\skip70
) (/usr/local/texlive/2025/texmf-dist/tex/latex/enumitem/enumitem.sty
Package: enumitem 2025/02/06 v3.11 Customized lists
\labelindent=\skip71
\enit@outerparindent=\dimen271
\enit@toks=\toks30
\enit@inbox=\box107
\enit@count@id=\count347
\enitdp@description=\count348
) (/usr/local/texlive/2025/texmf-dist/tex/latex/titlesec/titlesec.sty
Package: titlesec 2025/01/04 v2.17 Sectioning titles
\ttl@box=\box108
\beforetitleunit=\skip72
\aftertitleunit=\skip73
\ttl@plus=\dimen272
\ttl@minus=\dimen273
\ttl@toksa=\toks31
\titlewidth=\dimen274
\titlewidthlast=\dimen275
\titlewidthfirst=\dimen276
) (/usr/local/texlive/2025/texmf-dist/tex/latex/tools/bm.sty
Package: bm 2023/12/19 v1.2f Bold Symbol Support (DPC/FMi)
\symboldoperators=\mathgroup6
\symboldletters=\mathgroup7
\symboldsymbols=\mathgroup8
Package bm Info: No bold for \OMX/cmex/m/n, using \pmb.
Package bm Info: No bold for \U/msa/m/n, using \pmb.
Package bm Info: No bold for \U/msb/m/n, using \pmb.
LaTeX Font Info:    Redeclaring math alphabet \mathbf on input line 149.
) (/usr/local/texlive/2025/texmf-dist/tex/latex/xcolor/xcolor.sty
Package: xcolor 2024/09/29 v3.02 LaTeX color extensions (UK)
 (/usr/local/texlive/2025/texmf-dist/tex/latex/graphics-cfg/color.cfg
File: color.cfg 2016/01/02 v1.6 sample color configuration
)
Package xcolor Info: Driver file: xetex.def on input line 274.
LaTeX Info: Redefining \color on input line 762.
 (/usr/local/texlive/2025/texmf-dist/tex/latex/graphics/mathcolor.ltx)
Package xcolor Info: Model `cmy' substituted by `cmy0' on input line 1349.
Package xcolor Info: Model `RGB' extended on input line 1365.
Package xcolor Info: Model `HTML' substituted by `rgb' on input line 1367.
Package xcolor Info: Model `Hsb' substituted by `hsb' on input line 1368.
Package xcolor Info: Model `tHsb' substituted by `hsb' on input line 1369.
Package xcolor Info: Model `HSB' substituted by `hsb' on input line 1370.
Package xcolor Info: Model `Gray' substituted by `gray' on input line 1371.
Package xcolor Info: Model `wave' substituted by `hsb' on input line 1372.
) (/usr/local/texlive/2025/texmf-dist/tex/latex/pgf/frontendlayer/tikz.sty (/usr/local/texlive/2025/texmf-dist/tex/latex/pgf/basiclayer/pgf.sty (/usr/local/texlive/2025/texmf-dist/tex/latex/pgf/utilities/pgfrcs.sty (/usr/local/texlive/2025/texmf-dist/tex/generic/pgf/utilities/pgfutil-common.tex
\pgfutil@everybye=\toks32
\pgfutil@tempdima=\dimen277
\pgfutil@tempdimb=\dimen278
) (/usr/local/texlive/2025/texmf-dist/tex/generic/pgf/utilities/pgfutil-latex.def
\pgfutil@abb=\box109
) (/usr/local/texlive/2025/texmf-dist/tex/generic/pgf/utilities/pgfrcs.code.tex (/usr/local/texlive/2025/texmf-dist/tex/generic/pgf/pgf.revision.tex)
Package: pgfrcs 2023-01-15 v3.1.10 (3.1.10)
))
Package: pgf 2023-01-15 v3.1.10 (3.1.10)
 (/usr/local/texlive/2025/texmf-dist/tex/latex/pgf/basiclayer/pgfcore.sty (/usr/local/texlive/2025/texmf-dist/tex/latex/pgf/systemlayer/pgfsys.sty (/usr/local/texlive/2025/texmf-dist/tex/generic/pgf/systemlayer/pgfsys.code.tex
Package: pgfsys 2023-01-15 v3.1.10 (3.1.10)
 (/usr/local/texlive/2025/texmf-dist/tex/generic/pgf/utilities/pgfkeys.code.tex
\pgfkeys@pathtoks=\toks33
\pgfkeys@temptoks=\toks34
 (/usr/local/texlive/2025/texmf-dist/tex/generic/pgf/utilities/pgfkeyslibraryfiltered.code.tex
\pgfkeys@tmptoks=\toks35
))
\pgf@x=\dimen279
\pgf@y=\dimen280
\pgf@xa=\dimen281
\pgf@ya=\dimen282
\pgf@xb=\dimen283
\pgf@yb=\dimen284
\pgf@xc=\dimen285
\pgf@yc=\dimen286
\pgf@xd=\dimen287
\pgf@yd=\dimen288
\w@pgf@writea=\write3
\r@pgf@reada=\read3
\c@pgf@counta=\count349
\c@pgf@countb=\count350
\c@pgf@countc=\count351
\c@pgf@countd=\count352
\t@pgf@toka=\toks36
\t@pgf@tokb=\toks37
\t@pgf@tokc=\toks38
\pgf@sys@id@count=\count353
 (/usr/local/texlive/2025/texmf-dist/tex/generic/pgf/systemlayer/pgf.cfg
File: pgf.cfg 2023-01-15 v3.1.10 (3.1.10)
)
Driver file for pgf: pgfsys-xetex.def
 (/usr/local/texlive/2025/texmf-dist/tex/generic/pgf/systemlayer/pgfsys-xetex.def
File: pgfsys-xetex.def 2023-01-15 v3.1.10 (3.1.10)
 (/usr/local/texlive/2025/texmf-dist/tex/generic/pgf/systemlayer/pgfsys-dvipdfmx.def
File: pgfsys-dvipdfmx.def 2023-01-15 v3.1.10 (3.1.10)
 (/usr/local/texlive/2025/texmf-dist/tex/generic/pgf/systemlayer/pgfsys-common-pdf.def
File: pgfsys-common-pdf.def 2023-01-15 v3.1.10 (3.1.10)
)
\pgfsys@objnum=\count354
))) (/usr/local/texlive/2025/texmf-dist/tex/generic/pgf/systemlayer/pgfsyssoftpath.code.tex
File: pgfsyssoftpath.code.tex 2023-01-15 v3.1.10 (3.1.10)
\pgfsyssoftpath@smallbuffer@items=\count355
\pgfsyssoftpath@bigbuffer@items=\count356
) (/usr/local/texlive/2025/texmf-dist/tex/generic/pgf/systemlayer/pgfsysprotocol.code.tex
File: pgfsysprotocol.code.tex 2023-01-15 v3.1.10 (3.1.10)
)) (/usr/local/texlive/2025/texmf-dist/tex/generic/pgf/basiclayer/pgfcore.code.tex
Package: pgfcore 2023-01-15 v3.1.10 (3.1.10)
 (/usr/local/texlive/2025/texmf-dist/tex/generic/pgf/math/pgfmath.code.tex (/usr/local/texlive/2025/texmf-dist/tex/generic/pgf/math/pgfmathutil.code.tex) (/usr/local/texlive/2025/texmf-dist/tex/generic/pgf/math/pgfmathparser.code.tex
\pgfmath@dimen=\dimen289
\pgfmath@count=\count357
\pgfmath@box=\box110
\pgfmath@toks=\toks39
\pgfmath@stack@operand=\toks40
\pgfmath@stack@operation=\toks41
) (/usr/local/texlive/2025/texmf-dist/tex/generic/pgf/math/pgfmathfunctions.code.tex) (/usr/local/texlive/2025/texmf-dist/tex/generic/pgf/math/pgfmathfunctions.basic.code.tex) (/usr/local/texlive/2025/texmf-dist/tex/generic/pgf/math/pgfmathfunctions.trigonometric.code.tex) (/usr/local/texlive/2025/texmf-dist/tex/generic/pgf/math/pgfmathfunctions.random.code.tex) (/usr/local/texlive/2025/texmf-dist/tex/generic/pgf/math/pgfmathfunctions.comparison.code.tex) (/usr/local/texlive/2025/texmf-dist/tex/generic/pgf/math/pgfmathfunctions.base.code.tex) (/usr/local/texlive/2025/texmf-dist/tex/generic/pgf/math/pgfmathfunctions.round.code.tex) (/usr/local/texlive/2025/texmf-dist/tex/generic/pgf/math/pgfmathfunctions.misc.code.tex) (/usr/local/texlive/2025/texmf-dist/tex/generic/pgf/math/pgfmathfunctions.integerarithmetics.code.tex) (/usr/local/texlive/2025/texmf-dist/tex/generic/pgf/math/pgfmathcalc.code.tex) (/usr/local/texlive/2025/texmf-dist/tex/generic/pgf/math/pgfmathfloat.code.tex
\c@pgfmathroundto@lastzeros=\count358
)) (/usr/local/texlive/2025/texmf-dist/tex/generic/pgf/math/pgfint.code.tex) (/usr/local/texlive/2025/texmf-dist/tex/generic/pgf/basiclayer/pgfcorepoints.code.tex
File: pgfcorepoints.code.tex 2023-01-15 v3.1.10 (3.1.10)
\pgf@picminx=\dimen290
\pgf@picmaxx=\dimen291
\pgf@picminy=\dimen292
\pgf@picmaxy=\dimen293
\pgf@pathminx=\dimen294
\pgf@pathmaxx=\dimen295
\pgf@pathminy=\dimen296
\pgf@pathmaxy=\dimen297
\pgf@xx=\dimen298
\pgf@xy=\dimen299
\pgf@yx=\dimen300
\pgf@yy=\dimen301
\pgf@zx=\dimen302
\pgf@zy=\dimen303
) (/usr/local/texlive/2025/texmf-dist/tex/generic/pgf/basiclayer/pgfcorepathconstruct.code.tex
File: pgfcorepathconstruct.code.tex 2023-01-15 v3.1.10 (3.1.10)
\pgf@path@lastx=\dimen304
\pgf@path@lasty=\dimen305
) (/usr/local/texlive/2025/texmf-dist/tex/generic/pgf/basiclayer/pgfcorepathusage.code.tex
File: pgfcorepathusage.code.tex 2023-01-15 v3.1.10 (3.1.10)
\pgf@shorten@end@additional=\dimen306
\pgf@shorten@start@additional=\dimen307
) (/usr/local/texlive/2025/texmf-dist/tex/generic/pgf/basiclayer/pgfcorescopes.code.tex
File: pgfcorescopes.code.tex 2023-01-15 v3.1.10 (3.1.10)
\pgfpic=\box111
\pgf@hbox=\box112
\pgf@layerbox@main=\box113
\pgf@picture@serial@count=\count359
) (/usr/local/texlive/2025/texmf-dist/tex/generic/pgf/basiclayer/pgfcoregraphicstate.code.tex
File: pgfcoregraphicstate.code.tex 2023-01-15 v3.1.10 (3.1.10)
\pgflinewidth=\dimen308
) (/usr/local/texlive/2025/texmf-dist/tex/generic/pgf/basiclayer/pgfcoretransformations.code.tex
File: pgfcoretransformations.code.tex 2023-01-15 v3.1.10 (3.1.10)
\pgf@pt@x=\dimen309
\pgf@pt@y=\dimen310
\pgf@pt@temp=\dimen311
) (/usr/local/texlive/2025/texmf-dist/tex/generic/pgf/basiclayer/pgfcorequick.code.tex
File: pgfcorequick.code.tex 2023-01-15 v3.1.10 (3.1.10)
) (/usr/local/texlive/2025/texmf-dist/tex/generic/pgf/basiclayer/pgfcoreobjects.code.tex
File: pgfcoreobjects.code.tex 2023-01-15 v3.1.10 (3.1.10)
) (/usr/local/texlive/2025/texmf-dist/tex/generic/pgf/basiclayer/pgfcorepathprocessing.code.tex
File: pgfcorepathprocessing.code.tex 2023-01-15 v3.1.10 (3.1.10)
) (/usr/local/texlive/2025/texmf-dist/tex/generic/pgf/basiclayer/pgfcorearrows.code.tex
File: pgfcorearrows.code.tex 2023-01-15 v3.1.10 (3.1.10)
\pgfarrowsep=\dimen312
) (/usr/local/texlive/2025/texmf-dist/tex/generic/pgf/basiclayer/pgfcoreshade.code.tex
File: pgfcoreshade.code.tex 2023-01-15 v3.1.10 (3.1.10)
\pgf@max=\dimen313
\pgf@sys@shading@range@num=\count360
\pgf@shadingcount=\count361
) (/usr/local/texlive/2025/texmf-dist/tex/generic/pgf/basiclayer/pgfcoreimage.code.tex
File: pgfcoreimage.code.tex 2023-01-15 v3.1.10 (3.1.10)
) (/usr/local/texlive/2025/texmf-dist/tex/generic/pgf/basiclayer/pgfcoreexternal.code.tex
File: pgfcoreexternal.code.tex 2023-01-15 v3.1.10 (3.1.10)
\pgfexternal@startupbox=\box114
) (/usr/local/texlive/2025/texmf-dist/tex/generic/pgf/basiclayer/pgfcorelayers.code.tex
File: pgfcorelayers.code.tex 2023-01-15 v3.1.10 (3.1.10)
) (/usr/local/texlive/2025/texmf-dist/tex/generic/pgf/basiclayer/pgfcoretransparency.code.tex
File: pgfcoretransparency.code.tex 2023-01-15 v3.1.10 (3.1.10)
) (/usr/local/texlive/2025/texmf-dist/tex/generic/pgf/basiclayer/pgfcorepatterns.code.tex
File: pgfcorepatterns.code.tex 2023-01-15 v3.1.10 (3.1.10)
) (/usr/local/texlive/2025/texmf-dist/tex/generic/pgf/basiclayer/pgfcorerdf.code.tex
File: pgfcorerdf.code.tex 2023-01-15 v3.1.10 (3.1.10)
))) (/usr/local/texlive/2025/texmf-dist/tex/generic/pgf/modules/pgfmoduleshapes.code.tex
File: pgfmoduleshapes.code.tex 2023-01-15 v3.1.10 (3.1.10)
\pgfnodeparttextbox=\box115
) (/usr/local/texlive/2025/texmf-dist/tex/generic/pgf/modules/pgfmoduleplot.code.tex
File: pgfmoduleplot.code.tex 2023-01-15 v3.1.10 (3.1.10)
) (/usr/local/texlive/2025/texmf-dist/tex/latex/pgf/compatibility/pgfcomp-version-0-65.sty
Package: pgfcomp-version-0-65 2023-01-15 v3.1.10 (3.1.10)
\pgf@nodesepstart=\dimen314
\pgf@nodesepend=\dimen315
) (/usr/local/texlive/2025/texmf-dist/tex/latex/pgf/compatibility/pgfcomp-version-1-18.sty
Package: pgfcomp-version-1-18 2023-01-15 v3.1.10 (3.1.10)
)) (/usr/local/texlive/2025/texmf-dist/tex/latex/pgf/utilities/pgffor.sty (/usr/local/texlive/2025/texmf-dist/tex/latex/pgf/utilities/pgfkeys.sty (/usr/local/texlive/2025/texmf-dist/tex/generic/pgf/utilities/pgfkeys.code.tex)) (/usr/local/texlive/2025/texmf-dist/tex/latex/pgf/math/pgfmath.sty (/usr/local/texlive/2025/texmf-dist/tex/generic/pgf/math/pgfmath.code.tex)) (/usr/local/texlive/2025/texmf-dist/tex/generic/pgf/utilities/pgffor.code.tex
Package: pgffor 2023-01-15 v3.1.10 (3.1.10)
\pgffor@iter=\dimen316
\pgffor@skip=\dimen317
\pgffor@stack=\toks42
\pgffor@toks=\toks43
)) (/usr/local/texlive/2025/texmf-dist/tex/generic/pgf/frontendlayer/tikz/tikz.code.tex
Package: tikz 2023-01-15 v3.1.10 (3.1.10)
 (/usr/local/texlive/2025/texmf-dist/tex/generic/pgf/libraries/pgflibraryplothandlers.code.tex
File: pgflibraryplothandlers.code.tex 2023-01-15 v3.1.10 (3.1.10)
\pgf@plot@mark@count=\count362
\pgfplotmarksize=\dimen318
)
\tikz@lastx=\dimen319
\tikz@lasty=\dimen320
\tikz@lastxsaved=\dimen321
\tikz@lastysaved=\dimen322
\tikz@lastmovetox=\dimen323
\tikz@lastmovetoy=\dimen324
\tikzleveldistance=\dimen325
\tikzsiblingdistance=\dimen326
\tikz@figbox=\box116
\tikz@figbox@bg=\box117
\tikz@tempbox=\box118
\tikz@tempbox@bg=\box119
\tikztreelevel=\count363
\tikznumberofchildren=\count364
\tikznumberofcurrentchild=\count365
\tikz@fig@count=\count366
 (/usr/local/texlive/2025/texmf-dist/tex/generic/pgf/modules/pgfmodulematrix.code.tex
File: pgfmodulematrix.code.tex 2023-01-15 v3.1.10 (3.1.10)
\pgfmatrixcurrentrow=\count367
\pgfmatrixcurrentcolumn=\count368
\pgf@matrix@numberofcolumns=\count369
)
\tikz@expandcount=\count370
 (/usr/local/texlive/2025/texmf-dist/tex/generic/pgf/frontendlayer/tikz/libraries/tikzlibrarytopaths.code.tex
File: tikzlibrarytopaths.code.tex 2023-01-15 v3.1.10 (3.1.10)
))) (/usr/local/texlive/2025/texmf-dist/tex/generic/pgf/frontendlayer/tikz/libraries/tikzlibrarydecorations.pathreplacing.code.tex (/usr/local/texlive/2025/texmf-dist/tex/generic/pgf/frontendlayer/tikz/libraries/tikzlibrarydecorations.code.tex (/usr/local/texlive/2025/texmf-dist/tex/generic/pgf/modules/pgfmoduledecorations.code.tex
\pgfdecoratedcompleteddistance=\dimen327
\pgfdecoratedremainingdistance=\dimen328
\pgfdecoratedinputsegmentcompleteddistance=\dimen329
\pgfdecoratedinputsegmentremainingdistance=\dimen330
\pgf@decorate@distancetomove=\dimen331
\pgf@decorate@repeatstate=\count371
\pgfdecorationsegmentamplitude=\dimen332
\pgfdecorationsegmentlength=\dimen333
)
\tikz@lib@dec@box=\box120
) (/usr/local/texlive/2025/texmf-dist/tex/generic/pgf/libraries/decorations/pgflibrarydecorations.pathreplacing.code.tex)) (/usr/local/texlive/2025/texmf-dist/tex/generic/pgf/frontendlayer/tikz/libraries/tikzlibrarypositioning.code.tex
File: tikzlibrarypositioning.code.tex 2023-01-15 v3.1.10 (3.1.10)
) (/usr/local/texlive/2025/texmf-dist/tex/generic/pgf/frontendlayer/tikz/libraries/tikzlibrarycalc.code.tex
File: tikzlibrarycalc.code.tex 2023-01-15 v3.1.10 (3.1.10)
) (/usr/local/texlive/2025/texmf-dist/tex/generic/pgf/libraries/pgflibraryarrows.meta.code.tex
File: pgflibraryarrows.meta.code.tex 2023-01-15 v3.1.10 (3.1.10)
\pgfarrowinset=\dimen334
\pgfarrowlength=\dimen335
\pgfarrowwidth=\dimen336
\pgfarrowlinewidth=\dimen337
) (/usr/local/texlive/2025/texmf-dist/tex/generic/pgf/frontendlayer/tikz/libraries/tikzlibrarydecorations.markings.code.tex (/usr/local/texlive/2025/texmf-dist/tex/generic/pgf/libraries/decorations/pgflibrarydecorations.markings.code.tex))

Package xeCJK Warning: Redefining CJKfamily `\CJKrmdefault' (STSong(0)).


Package fontspec Info: 
(fontspec)             Could not resolve font "PingFang SC/I" (it probably
(fontspec)             doesn't exist).


Package fontspec Info: 
(fontspec)             Font family 'PingFangSC(0)' created for font 'PingFang
(fontspec)             SC' with options [Script={CJK}].
(fontspec)              
(fontspec)              This font family consists of the following NFSS
(fontspec)             series/shapes:
(fontspec)              
(fontspec)             - 'normal' (m/n) with NFSS spec.: <->"PingFang
(fontspec)             SC/OT:script=hani;language=dflt;"
(fontspec)             - 'bold' (b/n) with NFSS spec.: <->"PingFang
(fontspec)             SC/B/OT:script=hani;language=dflt;"
(fontspec)             - 'bold italic' (b/it) with NFSS spec.: <->"PingFang
(fontspec)             SC/BI/OT:script=hani;language=dflt;"


Package xeCJK Warning: Redefining CJKfamily `\CJKsfdefault' (STXihei).


Package xeCJK Warning: Redefining CJKfamily `\CJKttdefault' (STFangsong).

(./VLSI-Cheatsheet.aux)
\openout1 = `VLSI-Cheatsheet.aux'.

LaTeX Font Info:    Checking defaults for OML/cmm/m/it on input line 142.
LaTeX Font Info:    ... okay on input line 142.
LaTeX Font Info:    Checking defaults for OMS/cmsy/m/n on input line 142.
LaTeX Font Info:    ... okay on input line 142.
LaTeX Font Info:    Checking defaults for OT1/cmr/m/n on input line 142.
LaTeX Font Info:    ... okay on input line 142.
LaTeX Font Info:    Checking defaults for T1/cmr/m/n on input line 142.
LaTeX Font Info:    ... okay on input line 142.
LaTeX Font Info:    Checking defaults for TS1/cmr/m/n on input line 142.
LaTeX Font Info:    ... okay on input line 142.
LaTeX Font Info:    Checking defaults for TU/lmr/m/n on input line 142.
LaTeX Font Info:    ... okay on input line 142.
LaTeX Font Info:    Checking defaults for OMX/cmex/m/n on input line 142.
LaTeX Font Info:    ... okay on input line 142.
LaTeX Font Info:    Checking defaults for U/cmr/m/n on input line 142.
LaTeX Font Info:    ... okay on input line 142.
LaTeX Font Info:    Checking defaults for PD1/pdf/m/n on input line 142.
LaTeX Font Info:    ... okay on input line 142.
LaTeX Font Info:    Checking defaults for PU/pdf/m/n on input line 142.
LaTeX Font Info:    ... okay on input line 142.

Package fontspec Info: 
(fontspec)             Adjusting the maths setup (use [no-math] to avoid
(fontspec)             this).

\symlegacymaths=\mathgroup9
LaTeX Font Info:    Overwriting symbol font `legacymaths' in version `bold'
(Font)                  OT1/cmr/m/n --> OT1/cmr/bx/n on input line 142.
LaTeX Font Info:    Redeclaring math accent \acute on input line 142.
LaTeX Font Info:    Redeclaring math accent \grave on input line 142.
LaTeX Font Info:    Redeclaring math accent \ddot on input line 142.
LaTeX Font Info:    Redeclaring math accent \tilde on input line 142.
LaTeX Font Info:    Redeclaring math accent \bar on input line 142.
LaTeX Font Info:    Redeclaring math accent \breve on input line 142.
LaTeX Font Info:    Redeclaring math accent \check on input line 142.
LaTeX Font Info:    Redeclaring math accent \hat on input line 142.
LaTeX Font Info:    Redeclaring math accent \dot on input line 142.
LaTeX Font Info:    Redeclaring math accent \mathring on input line 142.
LaTeX Font Info:    Redeclaring math symbol \Gamma on input line 142.
LaTeX Font Info:    Redeclaring math symbol \Delta on input line 142.
LaTeX Font Info:    Redeclaring math symbol \Theta on input line 142.
LaTeX Font Info:    Redeclaring math symbol \Lambda on input line 142.
LaTeX Font Info:    Redeclaring math symbol \Xi on input line 142.
LaTeX Font Info:    Redeclaring math symbol \Pi on input line 142.
LaTeX Font Info:    Redeclaring math symbol \Sigma on input line 142.
LaTeX Font Info:    Redeclaring math symbol \Upsilon on input line 142.
LaTeX Font Info:    Redeclaring math symbol \Phi on input line 142.
LaTeX Font Info:    Redeclaring math symbol \Psi on input line 142.
LaTeX Font Info:    Redeclaring math symbol \Omega on input line 142.
LaTeX Font Info:    Redeclaring math symbol \mathdollar on input line 142.
LaTeX Font Info:    Redeclaring symbol font `operators' on input line 142.
LaTeX Font Info:    Encoding `OT1' has changed to `TU' for symbol font
(Font)              `operators' in the math version `normal' on input line 142.
LaTeX Font Info:    Overwriting symbol font `operators' in version `normal'
(Font)                  OT1/cmr/m/n --> TU/lmr/m/n on input line 142.
LaTeX Font Info:    Encoding `OT1' has changed to `TU' for symbol font
(Font)              `operators' in the math version `bold' on input line 142.
LaTeX Font Info:    Overwriting symbol font `operators' in version `bold'
(Font)                  OT1/cmr/bx/n --> TU/lmr/m/n on input line 142.
LaTeX Font Info:    Overwriting symbol font `operators' in version `normal'
(Font)                  TU/lmr/m/n --> TU/lmr/m/n on input line 142.
LaTeX Font Info:    Overwriting math alphabet `\mathit' in version `normal'
(Font)                  OT1/cmr/m/it --> TU/lmr/m/it on input line 142.
LaTeX Font Info:    Overwriting math alphabet `\mathbf' in version `normal'
(Font)                  OT1/cmr/bx/n --> TU/lmr/b/n on input line 142.
LaTeX Font Info:    Overwriting math alphabet `\mathsf' in version `normal'
(Font)                  OT1/cmss/m/n --> TU/lmss/m/n on input line 142.
LaTeX Font Info:    Overwriting math alphabet `\mathtt' in version `normal'
(Font)                  OT1/cmtt/m/n --> TU/lmtt/m/n on input line 142.
LaTeX Font Info:    Overwriting symbol font `operators' in version `bold'
(Font)                  TU/lmr/m/n --> TU/lmr/b/n on input line 142.
LaTeX Font Info:    Overwriting math alphabet `\mathit' in version `bold'
(Font)                  OT1/cmr/bx/it --> TU/lmr/b/it on input line 142.
LaTeX Font Info:    Overwriting math alphabet `\mathsf' in version `bold'
(Font)                  OT1/cmss/bx/n --> TU/lmss/b/n on input line 142.
LaTeX Font Info:    Overwriting math alphabet `\mathtt' in version `bold'
(Font)                  OT1/cmtt/m/n --> TU/lmtt/b/n on input line 142.

*geometry* driver: auto-detecting
*geometry* detected driver: xetex
*geometry* verbose mode - [ preamble ] result:
* driver: xetex
* paper: a4paper
* layout: <same size as paper>
* layoutoffset:(h,v)=(0.0pt,0.0pt)
* modes: landscape 
* h-part:(L,W,R)=(14.22636pt, 816.59412pt, 14.22636pt)
* v-part:(T,H,B)=(14.22636pt, 569.05515pt, 14.22636pt)
* \paperwidth=845.04684pt
* \paperheight=597.50787pt
* \textwidth=816.59412pt
* \textheight=569.05515pt
* \oddsidemargin=-58.04362pt
* \evensidemargin=-58.04362pt
* \topmargin=-95.04362pt
* \headheight=12.0pt
* \headsep=25.0pt
* \topskip=10.0pt
* \footskip=30.0pt
* \marginparwidth=144.0pt
* \marginparsep=11.0pt
* \columnsep=10.0pt
* \skip\footins=9.0pt plus 4.0pt minus 2.0pt
* \hoffset=0.0pt
* \voffset=0.0pt
* \mag=1000
* \@twocolumnfalse
* \@twosidefalse
* \@mparswitchfalse
* \@reversemarginfalse
* (1in=72.27pt=25.4mm, 1cm=28.453pt)

Package hyperref Info: Link coloring OFF on input line 142.
(./VLSI-Cheatsheet.out) (./VLSI-Cheatsheet.out)
\@outlinefile=\write4
\openout4 = `VLSI-Cheatsheet.out'.

LaTeX Font Info:    Trying to load font information for U+msa on input line 153.
 (/usr/local/texlive/2025/texmf-dist/tex/latex/amsfonts/umsa.fd
File: umsa.fd 2013/01/14 v3.01 AMS symbols A
)
LaTeX Font Info:    Trying to load font information for U+msb on input line 153.
 (/usr/local/texlive/2025/texmf-dist/tex/latex/amsfonts/umsb.fd
File: umsb.fd 2013/01/14 v3.01 AMS symbols B
)
File: images/image-2025-12-30-18-17-15.png Graphic file (type bmp)
<images/image-2025-12-30-18-17-15.png>

Underfull \hbox (badness 10000) in paragraph at lines 174--174
[]$\OML/cmm/m/it/5 C[]; C[]$\TU/PingFangSC(0)/m/n/5 ，|  主 要 由 源\TU/lmr/m/n/5 /\TU/PingFangSC(0)/m/n/5 漏 扩 散 区 与 衬 底 形 成 的
 []

File: images/image-2025-12-30-18-31-44.png Graphic file (type bmp)
<images/image-2025-12-30-18-31-44.png>
File: images/image-2025-12-30-18-37-19.png Graphic file (type bmp)
<images/image-2025-12-30-18-37-19.png>
File: images/image-2025-12-30-18-26-22.png Graphic file (type bmp)
<images/image-2025-12-30-18-26-22.png>

Overfull \hbox (2.13394pt too wide) in paragraph at lines 222--222
[][] 
 []

File: images/image-2025-12-30-18-44-30.png Graphic file (type bmp)
<images/image-2025-12-30-18-44-30.png>

Underfull \hbox (badness 10000) in paragraph at lines 258--258
[][]\TU/PingFangSC(0)/b/n/5 上 拉 网 络
 []


Underfull \hbox (badness 10000) in paragraph at lines 258--258
[][]\TU/PingFangSC(0)/b/n/5 下 拉 网 络
 []

File: images/image-2025-12-30-18-50-54.png Graphic file (type bmp)
<images/image-2025-12-30-18-50-54.png>
File: images/image-2025-12-30-18-54-44.png Graphic file (type bmp)
<images/image-2025-12-30-18-54-44.png>
File: images/image-2025-12-30-19-03-08.png Graphic file (type bmp)
<images/image-2025-12-30-19-03-08.png>
File: images/image-2025-12-30-19-16-37.png Graphic file (type bmp)
<images/image-2025-12-30-19-16-37.png>
File: images/image-2025-12-30-19-34-42.png Graphic file (type bmp)
<images/image-2025-12-30-19-34-42.png>
File: images/image-2026-01-02-20-37-24.png Graphic file (type bmp)
<images/image-2026-01-02-20-37-24.png>

Underfull \hbox (badness 10000) in paragraph at lines 422--422
[][]\TU/PingFangSC(0)/b/n/5 亚 阈 值 漏 电
 []


Underfull \hbox (badness 10000) in paragraph at lines 422--422
[][]\TU/PingFangSC(0)/b/n/5 栅 极 漏 电
 []

File: images/image-2026-01-02-21-41-25.png Graphic file (type bmp)
<images/image-2026-01-02-21-41-25.png>
File: images/image-2026-01-02-21-44-44.png Graphic file (type bmp)
<images/image-2026-01-02-21-44-44.png>
[1

]
File: images/image-2025-12-29-16-42-55.png Graphic file (type bmp)
<images/image-2025-12-29-16-42-55.png>

Underfull \hbox (badness 10000) in paragraph at lines 506--506
[][]\TU/PingFangSC(0)/b/n/5 总 能 耗
 []


Underfull \hbox (badness 10000) in paragraph at lines 506--506
[][]\TU/PingFangSC(0)/b/n/5 存 储 能 量
 []


Underfull \hbox (badness 10000) in paragraph at lines 506--506
[][]\TU/PingFangSC(0)/b/n/5 能 量 损 耗
 []

File: images/image-2025-12-29-19-16-01.png Graphic file (type bmp)
<images/image-2025-12-29-19-16-01.png>
File: images/image-2025-12-29-17-05-17.png Graphic file (type bmp)
<images/image-2025-12-29-17-05-17.png>
File: images/image-2025-12-29-19-29-40.png Graphic file (type bmp)
<images/image-2025-12-29-19-29-40.png>

Underfull \hbox (badness 10000) in paragraph at lines 622--622
[][]\TU/PingFangSC(0)/b/n/5 栅 极 漏 电
 []


Underfull \hbox (badness 10000) in paragraph at lines 622--622
[][]\TU/PingFangSC(0)/b/n/5 结 泄 漏 电 流
 []

File: images/image-2025-12-29-19-35-10.png Graphic file (type bmp)
<images/image-2025-12-29-19-35-10.png>
File: images/image-2025-12-29-20-58-11.png Graphic file (type bmp)
<images/image-2025-12-29-20-58-11.png>
File: images/image-2025-12-29-21-02-55.png Graphic file (type bmp)
<images/image-2025-12-29-21-02-55.png>
File: images/image-2025-12-29-21-07-35.png Graphic file (type bmp)
<images/image-2025-12-29-21-07-35.png>
File: images/image-2025-12-31-11-05-22.png Graphic file (type bmp)
<images/image-2025-12-31-11-05-22.png>
File: images/image-2025-12-31-11-55-37.png Graphic file (type bmp)
<images/image-2025-12-31-11-55-37.png>
File: images/image-2025-12-31-11-22-18.png Graphic file (type bmp)
<images/image-2025-12-31-11-22-18.png>
File: images/image-2025-12-31-11-25-02.png Graphic file (type bmp)
<images/image-2025-12-31-11-25-02.png>
File: images/image-2025-12-31-11-12-43.png Graphic file (type bmp)
<images/image-2025-12-31-11-12-43.png>
[2]
File: images/image-2025-12-31-11-38-34.png Graphic file (type bmp)
<images/image-2025-12-31-11-38-34.png>
File: images/image-2025-12-31-12-02-32.png Graphic file (type bmp)
<images/image-2025-12-31-12-02-32.png>
File: images/image-2025-12-31-12-45-41.png Graphic file (type bmp)
<images/image-2025-12-31-12-45-41.png>
File: images/image-2025-12-31-12-47-11.png Graphic file (type bmp)
<images/image-2025-12-31-12-47-11.png>
File: images/image-2025-12-31-13-06-57.png Graphic file (type bmp)
<images/image-2025-12-31-13-06-57.png>
File: images/image-2025-12-31-13-09-33.png Graphic file (type bmp)
<images/image-2025-12-31-13-09-33.png>
File: images/image-2025-12-31-13-21-58.png Graphic file (type bmp)
<images/image-2025-12-31-13-21-58.png>
File: images/image-2026-01-05-21-09-32.png Graphic file (type bmp)
<images/image-2026-01-05-21-09-32.png>
File: images/image-2026-01-03-21-45-53.png Graphic file (type bmp)
<images/image-2026-01-03-21-45-53.png>
File: images/image-2026-01-04-09-26-27.png Graphic file (type bmp)
<images/image-2026-01-04-09-26-27.png>
File: images/image-2026-01-04-09-33-28.png Graphic file (type bmp)
<images/image-2026-01-04-09-33-28.png>
 [3]
File: images/image-2026-01-04-10-40-02.png Graphic file (type bmp)
<images/image-2026-01-04-10-40-02.png>
File: images/image-2026-01-04-10-40-02.png Graphic file (type bmp)
<images/image-2026-01-04-10-40-02.png>
File: images/image-2026-01-04-11-44-59.png Graphic file (type bmp)
<images/image-2026-01-04-11-44-59.png>
File: images/image-2026-01-04-11-59-56.png Graphic file (type bmp)
<images/image-2026-01-04-11-59-56.png>
File: images/image-2026-01-04-12-04-32.png Graphic file (type bmp)
<images/image-2026-01-04-12-04-32.png>
File: images/image-2026-01-05-13-31-19.png Graphic file (type bmp)
<images/image-2026-01-05-13-31-19.png>
File: images/image-2026-01-05-13-36-33.png Graphic file (type bmp)
<images/image-2026-01-05-13-36-33.png>
File: images/image-2026-01-05-13-56-48.png Graphic file (type bmp)
<images/image-2026-01-05-13-56-48.png>
File: images/image-2026-01-05-14-04-49.png Graphic file (type bmp)
<images/image-2026-01-05-14-04-49.png>
File: images/image-2026-01-05-14-24-53.png Graphic file (type bmp)
<images/image-2026-01-05-14-24-53.png>
File: images/image-2026-01-05-14-35-16.png Graphic file (type bmp)
<images/image-2026-01-05-14-35-16.png>
File: images/image-2026-01-05-14-35-39.png Graphic file (type bmp)
<images/image-2026-01-05-14-35-39.png>

Underfull \hbox (badness 10000) in paragraph at lines 1455--1455
[][]\TU/PingFangSC(0)/b/n/5 时 钟 传 播 方 向 与 数 据 传 输 方 向 相 反[]\TU/PingFangSC(0)/m/n/5 ：| \TU/lmr/m/n/5 CLK
 []


Underfull \hbox (badness 10000) in paragraph at lines 1476--1476
[]$\OML/cmm/m/it/5 t[] \OT1/cmr/m/n/5 + \OML/cmm/m/it/5 t[] \OMS/cmsy/m/n/5 ^^U
 []

[4]
File: images/image-2026-01-05-15-06-03.png Graphic file (type bmp)
<images/image-2026-01-05-15-06-03.png>

Underfull \hbox (badness 10000) in paragraph at lines 1555--1555
[][]\TU/PingFangSC(0)/b/n/5 最 短 数 据 延
 []

File: images/image-2026-01-04-11-23-55.png Graphic file (type bmp)
<images/image-2026-01-04-11-23-55.png>
File: images/image-2026-01-02-09-48-02.png Graphic file (type bmp)
<images/image-2026-01-02-09-48-02.png>

Underfull \hbox (badness 10000) in paragraph at lines 1612--1612
[][]\TU/PingFangSC(0)/b/n/5 进 位 输 出
 []

File: images/image-2026-01-02-10-12-52.png Graphic file (type bmp)
<images/image-2026-01-02-10-12-52.png>
File: images/image-2026-01-02-10-36-13.png Graphic file (type bmp)
<images/image-2026-01-02-10-36-13.png>
File: images/image-2026-01-02-11-11-06.png Graphic file (type bmp)
<images/image-2026-01-02-11-11-06.png>
File: images/image-2026-01-02-11-31-54.png Graphic file (type bmp)
<images/image-2026-01-02-11-31-54.png>
File: images/image-2026-01-02-11-49-55.png Graphic file (type bmp)
<images/image-2026-01-02-11-49-55.png>
File: images/image-2026-01-02-11-53-44.png Graphic file (type bmp)
<images/image-2026-01-02-11-53-44.png>
File: images/image-2026-01-02-09-54-17.png Graphic file (type bmp)
<images/image-2026-01-02-09-54-17.png>
File: images/image-2026-01-02-11-03-12.png Graphic file (type bmp)
<images/image-2026-01-02-11-03-12.png>
File: images/image-2026-01-02-12-12-59.png Graphic file (type bmp)
<images/image-2026-01-02-12-12-59.png>

Overfull \hbox (1.28688pt too wide) in paragraph at lines 1882--1882
[][]$[] \OML/cmm/m/it/5 t[]$[]| 
 []

File: images/image-2026-01-02-12-01-35.png Graphic file (type bmp)
<images/image-2026-01-02-12-01-35.png>
File: images/image-2026-01-02-12-26-35.png Graphic file (type bmp)
<images/image-2026-01-02-12-26-35.png>
[5]
File: images/image-2026-01-02-12-41-03.png Graphic file (type bmp)
<images/image-2026-01-02-12-41-03.png>
File: images/image-2026-01-02-12-43-21.png Graphic file (type bmp)
<images/image-2026-01-02-12-43-21.png>
File: images/image-2026-01-02-13-03-13.png Graphic file (type bmp)
<images/image-2026-01-02-13-03-13.png>
File: images/image-2026-01-02-13-10-09.png Graphic file (type bmp)
<images/image-2026-01-02-13-10-09.png>
File: images/image-2026-01-03-17-22-26.png Graphic file (type bmp)
<images/image-2026-01-03-17-22-26.png>

Overfull \hbox (19.94026pt too wide) in paragraph at lines 2072--2073
[]$\OML/cmm/m/it/5 XY \OT1/cmr/m/n/5 = \OML/cmm/m/it/5 x[]y[]\OT1/cmr/m/n/5 2[] + [] [] \OML/cmm/m/it/5 x[]y[]\OT1/cmr/m/n/5 2[] \OMS/cmsy/m/n/5 ^^@ []$ 
 []

File: images/image-2026-01-03-17-25-28.png Graphic file (type bmp)
<images/image-2026-01-03-17-25-28.png>

Underfull \hbox (badness 10000) in paragraph at lines 2096--2096
[]$\OML/cmm/m/it/5 x[]y[]$ \TU/PingFangSC(0)/m/n/5 等 涉 及 一 个 符 号 位 的 交 叉
 []


Underfull \hbox (badness 10000) in paragraph at lines 2096--2096
\TU/PingFangSC(0)/m/n/5 项，|  原 本 应 该 做 减 法，|  但 在 矩 阵 中 被 替 换 成 了
 []

File: images/image-2026-01-03-21-00-14.png Graphic file (type bmp)
<images/image-2026-01-03-21-00-14.png>
[6]
File: images/image-2026-01-03-21-19-46.png Graphic file (type bmp)
<images/image-2026-01-03-21-19-46.png>

Underfull \hbox (badness 10000) in paragraph at lines 2338--2338
[]\TU/PingFangSC(0)/m/n/5 最 顶 部 的[]\TU/PingFangSC(0)/b/n/5 并 行[]\TU/PingFangSC(0)/m/n/5 操 作。|  所 有 $\OML/cmm/m/it/5 x[]y[]$ \TU/PingFangSC(0)/m/n/5 同 时 生 成[]\TU/PingFangSC(0)/b/n/5 延 迟
 []

File: images/image-2025-12-30-20-09-04.png Graphic file (type bmp)
<images/image-2025-12-30-20-09-04.png>

Underfull \hbox (badness 10000) in paragraph at lines 2396--2396
[]\TU/PingFangSC(0)/m/n/5 决 定 输 出 窗 口 起 始 位 置，|  输 出 $\OML/cmm/m/it/5 Y$ \TU/PingFangSC(0)/m/n/5 对 应 输 入 域 的
 []

File: images/image-2025-12-30-20-14-01.png Graphic file (type bmp)
<images/image-2025-12-30-20-14-01.png>
File: images/image-2025-12-30-20-20-34.png Graphic file (type bmp)
<images/image-2025-12-30-20-20-34.png>

Underfull \hbox (badness 10000) in paragraph at lines 2432--2432
[][]\TU/PingFangSC(0)/b/n/5 右 移
 []

File: images/image-2025-12-30-20-28-49.png Graphic file (type bmp)
<images/image-2025-12-30-20-28-49.png>
File: images/image-2025-12-30-21-05-25.png Graphic file (type bmp)
<images/image-2025-12-30-21-05-25.png>

Underfull \hbox (badness 10000) in paragraph at lines 2477--2477
[]\TU/PingFangSC(0)/m/n/5 最 后 一 级 经 过 \TU/lmr/m/n/5 Buffer \TU/PingFangSC(0)/m/n/5 输 出 最 终 结 果
 []


Underfull \hbox (badness 10000) in paragraph at lines 2528--2528
[][]\TU/PingFangSC(0)/b/n/5 固 化
 []


Underfull \hbox (badness 10000) in paragraph at lines 2528--2528
[][]\TU/PingFangSC(0)/b/n/5 可 改 写
 []

File: images/image-2026-01-02-16-03-48.png Graphic file (type bmp)
<images/image-2026-01-02-16-03-48.png>

Underfull \hbox (badness 10000) in paragraph at lines 2621--2621
[]\TU/PingFangSC(0)/m/n/5 同 一 列 中 每 个 单 元 的 数 据 输 入\TU/lmr/m/n/5 /\TU/PingFangSC(0)/m/n/5 输 出 端 连 接
 []


Overfull \hbox (8.4149pt too wide) in paragraph at lines 2682--2683
 [] 
 []


Underfull \hbox (badness 10000) in paragraph at lines 2723--2723
[]\TU/PingFangSC(0)/m/n/5 最 后 的 字 线 驱 动 电 路 只 需 要 简 单 的 逻 辑 门
 []

File: images/image-2026-01-02-17-06-17.png Graphic file (type bmp)
<images/image-2026-01-02-17-06-17.png>
[7]
File: images/image-2026-01-05-10-55-03.png Graphic file (type bmp)
<images/image-2026-01-05-10-55-03.png>
File: images/image-2026-01-05-11-11-23.png Graphic file (type bmp)
<images/image-2026-01-05-11-11-23.png>
File: images/image-2026-01-05-11-22-16.png Graphic file (type bmp)
<images/image-2026-01-05-11-22-16.png>
File: images/image-2026-01-05-11-47-19.png Graphic file (type bmp)
<images/image-2026-01-05-11-47-19.png>
File: images/image-2026-01-05-11-57-31.png Graphic file (type bmp)
<images/image-2026-01-05-11-57-31.png>
File: images/image-2026-01-04-19-34-27.png Graphic file (type bmp)
<images/image-2026-01-04-19-34-27.png>
File: images/image-2026-01-04-19-30-40.png Graphic file (type bmp)
<images/image-2026-01-04-19-30-40.png>

Underfull \hbox (badness 10000) in paragraph at lines 3056--3056
[][]\TU/PingFangSC(0)/b/n/5 存 储 核 心
 []

File: images/image-2026-01-04-20-04-42.png Graphic file (type bmp)
<images/image-2026-01-04-20-04-42.png>
[8]
File: images/image-2026-01-04-20-10-09.png Graphic file (type bmp)
<images/image-2026-01-04-20-10-09.png>
File: images/image-2026-01-04-20-21-12.png Graphic file (type bmp)
<images/image-2026-01-04-20-21-12.png>
File: images/image-2026-01-04-20-31-58.png Graphic file (type bmp)
<images/image-2026-01-04-20-31-58.png>
File: images/image-2026-01-04-20-34-35.png Graphic file (type bmp)
<images/image-2026-01-04-20-34-35.png>
File: images/image-2026-01-04-20-43-34.png Graphic file (type bmp)
<images/image-2026-01-04-20-43-34.png>
File: images/image-2026-01-04-20-50-40.png Graphic file (type bmp)
<images/image-2026-01-04-20-50-40.png>

Underfull \hbox (badness 10000) in paragraph at lines 3229--3229
[][]\TU/PingFangSC(0)/b/n/5 电 路 复 杂 度 爆
 []

File: images/image-2026-01-05-10-09-59.png Graphic file (type bmp)
<images/image-2026-01-05-10-09-59.png>
File: images/image-2026-01-05-10-22-05.png Graphic file (type bmp)
<images/image-2026-01-05-10-22-05.png>
File: images/image-2026-01-05-10-36-59.png Graphic file (type bmp)
<images/image-2026-01-05-10-36-59.png>
File: images/image-2026-01-05-10-38-22.png Graphic file (type bmp)
<images/image-2026-01-05-10-38-22.png>
LaTeX Font Info:    Font shape `TU/lmtt/bx/n' in size <5> not available
(Font)              Font shape `TU/lmtt/b/n' tried instead on input line 3400.

Package hyperref Warning: Difference (2) between bookmark levels is greater 
(hyperref)                than one, level fixed on input line 3410.

File: images/image-2025-12-30-21-26-07.png Graphic file (type bmp)
<images/image-2025-12-30-21-26-07.png>

Underfull \hbox (badness 10000) in paragraph at lines 3454--3454
[]\TU/PingFangSC(0)/m/n/5 输 入 信 号 与 反 馈 的  |“现 态”|  共 同 决 定  |“次
 []

File: images/image-2025-12-30-21-32-44.png Graphic file (type bmp)
<images/image-2025-12-30-21-32-44.png>
[9]
Underfull \hbox (badness 10000) in paragraph at lines 3488--3488
[][]\TU/PingFangSC(0)/b/n/5 策 略 二：| \TU/lmr/bx/n/5 (CS) +
 []

File: images/image-2025-12-30-21-51-35.png Graphic file (type bmp)
<images/image-2025-12-30-21-51-35.png>
[10] (./VLSI-Cheatsheet.aux)
 ***********
LaTeX2e <2024-11-01> patch level 2
L3 programming layer <2022/07/14>
 ***********
Package rerunfilecheck Info: File `VLSI-Cheatsheet.out' has not changed.
(rerunfilecheck)             Checksum: 89080FFC9001848C2215E1323D89F9A9;18559.
 ) 
Here is how much of TeX's memory you used:
 29167 strings out of 473832
 660798 string characters out of 5729481
 1220575 words of memory out of 5000000
 51639 multiletter control sequences out of 15000+600000
 562632 words of font info for 74 fonts, out of 8000000 for 9000
 1348 hyphenation exceptions out of 8191
 93i,17n,114p,618b,1388s stack positions out of 10000i,1000n,20000p,200000b,200000s

Output written on VLSI-Cheatsheet.pdf (10 pages).
